<?xml version="1.0" encoding="UTF-8"?>
<robot generator="Robot 3.2.2 (Python 3.9.1 on win32)" generated="20210908 17:55:04.109" rpa="false">
<suite id="s1" name="智慧网格" source="D:\Program Files\JetBrains\PyCharm Community Edition 2020.2\rf-selenium\智慧网格.robot">
<test id="s1-t1" name="case01 [Documentation] 登录智慧网格系统">
<kw name="Login-getCode">
<kw name="Open Browser" library="Selenium2Library">
<doc>Opens a new browser instance to the optional ``url``.</doc>
<arguments>
<arg>http://sqwytst.wt.com:14352/</arg>
<arg>chrome</arg>
</arguments>
<msg timestamp="20210908 17:55:04.364" level="INFO">Opening browser 'chrome' to base url 'http://sqwytst.wt.com:14352/'.</msg>
<status status="PASS" starttime="20210908 17:55:04.364" endtime="20210908 17:55:06.916"></status>
</kw>
<kw name="Maximize Browser Window" library="Selenium2Library">
<doc>Maximizes current browser window.</doc>
<status status="PASS" starttime="20210908 17:55:06.916" endtime="20210908 17:55:07.029"></status>
</kw>
<kw name="Wait Until Element Is Enabled" library="Selenium2Library">
<doc>Waits until the element ``locator`` is enabled.</doc>
<arguments>
<arg>xpath://*[@id="app"]/div/div[1]/div/span</arg>
</arguments>
<status status="PASS" starttime="20210908 17:55:07.029" endtime="20210908 17:55:07.046"></status>
</kw>
<kw name="Click Element" library="Selenium2Library">
<doc>Click the element identified by ``locator``.</doc>
<arguments>
<arg>xpath://*[@id="app"]/div/div[1]/div/span</arg>
</arguments>
<msg timestamp="20210908 17:55:07.046" level="INFO">Clicking element 'xpath://*[@id="app"]/div/div[1]/div/span'.</msg>
<status status="PASS" starttime="20210908 17:55:07.046" endtime="20210908 17:55:09.734"></status>
</kw>
<kw name="Sleep" library="BuiltIn">
<doc>Pauses the test executed for the given time.</doc>
<arguments>
<arg>2</arg>
</arguments>
<msg timestamp="20210908 17:55:11.736" level="INFO">Slept 2 seconds</msg>
<status status="PASS" starttime="20210908 17:55:09.734" endtime="20210908 17:55:11.736"></status>
</kw>
<kw name="${index} IN RANGE [ 10 ]" type="for">
<kw name="${index} = 0" type="foritem">
<kw name="Input Text" library="Selenium2Library">
<doc>Types the given ``text`` into the text field identified by ``locator``.</doc>
<arguments>
<arg>name=username</arg>
<arg>13734206025</arg>
</arguments>
<msg timestamp="20210908 17:55:11.736" level="INFO">Typing text '13734206025' into text field 'name=username'.</msg>
<status status="PASS" starttime="20210908 17:55:11.736" endtime="20210908 17:55:11.818"></status>
</kw>
<kw name="Input Text" library="Selenium2Library">
<doc>Types the given ``text`` into the text field identified by ``locator``.</doc>
<arguments>
<arg>name=password</arg>
<arg>asdqwe123</arg>
</arguments>
<msg timestamp="20210908 17:55:11.819" level="INFO">Typing text 'asdqwe123' into text field 'name=password'.</msg>
<status status="PASS" starttime="20210908 17:55:11.819" endtime="20210908 17:55:11.885"></status>
</kw>
<kw name="Set Screenshot Directory" library="Selenium2Library">
<doc>Sets the directory for captured screenshots.</doc>
<arguments>
<arg>D:\\Program Files\\JetBrains\\PyCharm Community Edition 2020.2\\rf-selenium/picture</arg>
</arguments>
<status status="PASS" starttime="20210908 17:55:11.886" endtime="20210908 17:55:11.886"></status>
</kw>
<kw name="Capture Page Screenshot" library="Selenium2Library">
<doc>Takes a screenshot of the current page and embeds it into a log file.</doc>
<arguments>
<arg>D:\\Program Files\\JetBrains\\PyCharm Community Edition 2020.2\\rf-selenium/picture/1.png</arg>
</arguments>
<msg timestamp="20210908 17:55:12.045" level="INFO" html="yes">&lt;/td&gt;&lt;/tr&gt;&lt;tr&gt;&lt;td colspan="3"&gt;&lt;a href="../picture/1.png"&gt;&lt;img src="../picture/1.png" width="800px"&gt;&lt;/a&gt;</msg>
<status status="PASS" starttime="20210908 17:55:11.886" endtime="20210908 17:55:12.045"></status>
</kw>
<kw name="Get Code" library="getcodeLibrary">
<arguments>
<arg>D:\\Program Files\\JetBrains\\PyCharm Community Edition 2020.2\\rf-selenium\\picture\\</arg>
</arguments>
<assign>
<var>${code}</var>
</assign>
<msg timestamp="20210908 17:55:14.409" level="INFO">/O05</msg>
<msg timestamp="20210908 17:55:14.409" level="INFO">${code} = /O05</msg>
<status status="PASS" starttime="20210908 17:55:12.045" endtime="20210908 17:55:14.409"></status>
</kw>
<kw name="Input Text" library="Selenium2Library">
<doc>Types the given ``text`` into the text field identified by ``locator``.</doc>
<arguments>
<arg>name=imgCode</arg>
<arg>${code}</arg>
</arguments>
<msg timestamp="20210908 17:55:14.409" level="INFO">Typing text '/O05' into text field 'name=imgCode'.</msg>
<status status="PASS" starttime="20210908 17:55:14.409" endtime="20210908 17:55:14.468"></status>
</kw>
<kw name="Click Button" library="Selenium2Library">
<doc>Clicks the button identified by ``locator``.</doc>
<arguments>
<arg>id=login</arg>
</arguments>
<msg timestamp="20210908 17:55:14.468" level="INFO">Clicking button 'id=login'.</msg>
<status status="PASS" starttime="20210908 17:55:14.468" endtime="20210908 17:55:15.947"></status>
</kw>
<kw name="Sleep" library="BuiltIn">
<doc>Pauses the test executed for the given time.</doc>
<arguments>
<arg>2</arg>
</arguments>
<msg timestamp="20210908 17:55:17.949" level="INFO">Slept 2 seconds</msg>
<status status="PASS" starttime="20210908 17:55:15.947" endtime="20210908 17:55:17.949"></status>
</kw>
<kw name="Get Locations" library="Selenium2Library">
<doc>Returns and logs URLs of all windows of the selected browser.</doc>
<assign>
<var>${currentUrl}</var>
</assign>
<msg timestamp="20210908 17:55:17.971" level="INFO">Altogether 1 item.
1: http://sso.wt.com:3100/loginPage?error</msg>
<msg timestamp="20210908 17:55:17.971" level="INFO">${currentUrl} = ['http://sso.wt.com:3100/loginPage?error']</msg>
<status status="PASS" starttime="20210908 17:55:17.950" endtime="20210908 17:55:17.971"></status>
</kw>
<kw name="Get Window Titles" library="Selenium2Library">
<doc>Returns and logs titles of all windows of the selected browser.</doc>
<assign>
<var>${title}</var>
</assign>
<msg timestamp="20210908 17:55:17.981" level="INFO">Altogether 1 item.
1: 用户登录</msg>
<msg timestamp="20210908 17:55:17.981" level="INFO">${title} = ['用户登录']</msg>
<status status="PASS" starttime="20210908 17:55:17.971" endtime="20210908 17:55:17.981"></status>
</kw>
<kw name="Run Keyword And Ignore Error" library="BuiltIn">
<doc>Runs the given keyword with the given arguments and ignores possible error.</doc>
<arguments>
<arg>set variable if</arg>
<arg>'${currentUrl}[0]'=='http://sso.wt.com:3100/loginPage?error'</arg>
<arg>登录失败</arg>
<arg>${currentUrl}</arg>
<arg>登录成功</arg>
</arguments>
<assign>
<var>${result}</var>
<var>${resultvalue}</var>
</assign>
<kw name="Set Variable If" library="BuiltIn">
<doc>Sets variable based on the given condition.</doc>
<arguments>
<arg>'${currentUrl}[0]'=='http://sso.wt.com:3100/loginPage?error'</arg>
<arg>登录失败</arg>
<arg>${currentUrl}</arg>
<arg>登录成功</arg>
</arguments>
<status status="PASS" starttime="20210908 17:55:17.982" endtime="20210908 17:55:17.982"></status>
</kw>
<msg timestamp="20210908 17:55:17.982" level="INFO">${result} = PASS</msg>
<msg timestamp="20210908 17:55:17.982" level="INFO">${resultvalue} = 登录失败</msg>
<status status="PASS" starttime="20210908 17:55:17.981" endtime="20210908 17:55:17.982"></status>
</kw>
<kw name="Exit For Loop If" library="BuiltIn">
<doc>Stops executing the enclosing for loop if the ``condition`` is true.</doc>
<arguments>
<arg>'${resultvalue}'=='登录成功'</arg>
</arguments>
<status status="PASS" starttime="20210908 17:55:17.982" endtime="20210908 17:55:17.982"></status>
</kw>
<status status="PASS" starttime="20210908 17:55:11.736" endtime="20210908 17:55:17.982"></status>
</kw>
<kw name="${index} = 1" type="foritem">
<kw name="Input Text" library="Selenium2Library">
<doc>Types the given ``text`` into the text field identified by ``locator``.</doc>
<arguments>
<arg>name=username</arg>
<arg>13734206025</arg>
</arguments>
<msg timestamp="20210908 17:55:17.983" level="INFO">Typing text '13734206025' into text field 'name=username'.</msg>
<status status="PASS" starttime="20210908 17:55:17.982" endtime="20210908 17:55:18.055"></status>
</kw>
<kw name="Input Text" library="Selenium2Library">
<doc>Types the given ``text`` into the text field identified by ``locator``.</doc>
<arguments>
<arg>name=password</arg>
<arg>asdqwe123</arg>
</arguments>
<msg timestamp="20210908 17:55:18.056" level="INFO">Typing text 'asdqwe123' into text field 'name=password'.</msg>
<status status="PASS" starttime="20210908 17:55:18.055" endtime="20210908 17:55:18.117"></status>
</kw>
<kw name="Set Screenshot Directory" library="Selenium2Library">
<doc>Sets the directory for captured screenshots.</doc>
<arguments>
<arg>D:\\Program Files\\JetBrains\\PyCharm Community Edition 2020.2\\rf-selenium/picture</arg>
</arguments>
<status status="PASS" starttime="20210908 17:55:18.117" endtime="20210908 17:55:18.117"></status>
</kw>
<kw name="Capture Page Screenshot" library="Selenium2Library">
<doc>Takes a screenshot of the current page and embeds it into a log file.</doc>
<arguments>
<arg>D:\\Program Files\\JetBrains\\PyCharm Community Edition 2020.2\\rf-selenium/picture/1.png</arg>
</arguments>
<msg timestamp="20210908 17:55:18.279" level="INFO" html="yes">&lt;/td&gt;&lt;/tr&gt;&lt;tr&gt;&lt;td colspan="3"&gt;&lt;a href="../picture/1.png"&gt;&lt;img src="../picture/1.png" width="800px"&gt;&lt;/a&gt;</msg>
<status status="PASS" starttime="20210908 17:55:18.117" endtime="20210908 17:55:18.279"></status>
</kw>
<kw name="Get Code" library="getcodeLibrary">
<arguments>
<arg>D:\\Program Files\\JetBrains\\PyCharm Community Edition 2020.2\\rf-selenium\\picture\\</arg>
</arguments>
<assign>
<var>${code}</var>
</assign>
<msg timestamp="20210908 17:55:20.625" level="INFO">G505</msg>
<msg timestamp="20210908 17:55:20.626" level="INFO">${code} = G505</msg>
<status status="PASS" starttime="20210908 17:55:18.279" endtime="20210908 17:55:20.626"></status>
</kw>
<kw name="Input Text" library="Selenium2Library">
<doc>Types the given ``text`` into the text field identified by ``locator``.</doc>
<arguments>
<arg>name=imgCode</arg>
<arg>${code}</arg>
</arguments>
<msg timestamp="20210908 17:55:20.626" level="INFO">Typing text 'G505' into text field 'name=imgCode'.</msg>
<status status="PASS" starttime="20210908 17:55:20.626" endtime="20210908 17:55:20.682"></status>
</kw>
<kw name="Click Button" library="Selenium2Library">
<doc>Clicks the button identified by ``locator``.</doc>
<arguments>
<arg>id=login</arg>
</arguments>
<msg timestamp="20210908 17:55:20.682" level="INFO">Clicking button 'id=login'.</msg>
<status status="PASS" starttime="20210908 17:55:20.682" endtime="20210908 17:55:21.173"></status>
</kw>
<kw name="Sleep" library="BuiltIn">
<doc>Pauses the test executed for the given time.</doc>
<arguments>
<arg>2</arg>
</arguments>
<msg timestamp="20210908 17:55:23.174" level="INFO">Slept 2 seconds</msg>
<status status="PASS" starttime="20210908 17:55:21.173" endtime="20210908 17:55:23.174"></status>
</kw>
<kw name="Get Locations" library="Selenium2Library">
<doc>Returns and logs URLs of all windows of the selected browser.</doc>
<assign>
<var>${currentUrl}</var>
</assign>
<msg timestamp="20210908 17:55:23.186" level="INFO">Altogether 1 item.
1: http://sso.wt.com:3100/loginPage?error</msg>
<msg timestamp="20210908 17:55:23.186" level="INFO">${currentUrl} = ['http://sso.wt.com:3100/loginPage?error']</msg>
<status status="PASS" starttime="20210908 17:55:23.174" endtime="20210908 17:55:23.186"></status>
</kw>
<kw name="Get Window Titles" library="Selenium2Library">
<doc>Returns and logs titles of all windows of the selected browser.</doc>
<assign>
<var>${title}</var>
</assign>
<msg timestamp="20210908 17:55:23.196" level="INFO">Altogether 1 item.
1: 用户登录</msg>
<msg timestamp="20210908 17:55:23.196" level="INFO">${title} = ['用户登录']</msg>
<status status="PASS" starttime="20210908 17:55:23.186" endtime="20210908 17:55:23.196"></status>
</kw>
<kw name="Run Keyword And Ignore Error" library="BuiltIn">
<doc>Runs the given keyword with the given arguments and ignores possible error.</doc>
<arguments>
<arg>set variable if</arg>
<arg>'${currentUrl}[0]'=='http://sso.wt.com:3100/loginPage?error'</arg>
<arg>登录失败</arg>
<arg>${currentUrl}</arg>
<arg>登录成功</arg>
</arguments>
<assign>
<var>${result}</var>
<var>${resultvalue}</var>
</assign>
<kw name="Set Variable If" library="BuiltIn">
<doc>Sets variable based on the given condition.</doc>
<arguments>
<arg>'${currentUrl}[0]'=='http://sso.wt.com:3100/loginPage?error'</arg>
<arg>登录失败</arg>
<arg>${currentUrl}</arg>
<arg>登录成功</arg>
</arguments>
<status status="PASS" starttime="20210908 17:55:23.197" endtime="20210908 17:55:23.197"></status>
</kw>
<msg timestamp="20210908 17:55:23.197" level="INFO">${result} = PASS</msg>
<msg timestamp="20210908 17:55:23.197" level="INFO">${resultvalue} = 登录失败</msg>
<status status="PASS" starttime="20210908 17:55:23.197" endtime="20210908 17:55:23.197"></status>
</kw>
<kw name="Exit For Loop If" library="BuiltIn">
<doc>Stops executing the enclosing for loop if the ``condition`` is true.</doc>
<arguments>
<arg>'${resultvalue}'=='登录成功'</arg>
</arguments>
<status status="PASS" starttime="20210908 17:55:23.197" endtime="20210908 17:55:23.197"></status>
</kw>
<status status="PASS" starttime="20210908 17:55:17.982" endtime="20210908 17:55:23.197"></status>
</kw>
<kw name="${index} = 2" type="foritem">
<kw name="Input Text" library="Selenium2Library">
<doc>Types the given ``text`` into the text field identified by ``locator``.</doc>
<arguments>
<arg>name=username</arg>
<arg>13734206025</arg>
</arguments>
<msg timestamp="20210908 17:55:23.198" level="INFO">Typing text '13734206025' into text field 'name=username'.</msg>
<status status="PASS" starttime="20210908 17:55:23.198" endtime="20210908 17:55:23.266"></status>
</kw>
<kw name="Input Text" library="Selenium2Library">
<doc>Types the given ``text`` into the text field identified by ``locator``.</doc>
<arguments>
<arg>name=password</arg>
<arg>asdqwe123</arg>
</arguments>
<msg timestamp="20210908 17:55:23.267" level="INFO">Typing text 'asdqwe123' into text field 'name=password'.</msg>
<status status="PASS" starttime="20210908 17:55:23.266" endtime="20210908 17:55:23.331"></status>
</kw>
<kw name="Set Screenshot Directory" library="Selenium2Library">
<doc>Sets the directory for captured screenshots.</doc>
<arguments>
<arg>D:\\Program Files\\JetBrains\\PyCharm Community Edition 2020.2\\rf-selenium/picture</arg>
</arguments>
<status status="PASS" starttime="20210908 17:55:23.332" endtime="20210908 17:55:23.332"></status>
</kw>
<kw name="Capture Page Screenshot" library="Selenium2Library">
<doc>Takes a screenshot of the current page and embeds it into a log file.</doc>
<arguments>
<arg>D:\\Program Files\\JetBrains\\PyCharm Community Edition 2020.2\\rf-selenium/picture/1.png</arg>
</arguments>
<msg timestamp="20210908 17:55:23.494" level="INFO" html="yes">&lt;/td&gt;&lt;/tr&gt;&lt;tr&gt;&lt;td colspan="3"&gt;&lt;a href="../picture/1.png"&gt;&lt;img src="../picture/1.png" width="800px"&gt;&lt;/a&gt;</msg>
<status status="PASS" starttime="20210908 17:55:23.332" endtime="20210908 17:55:23.494"></status>
</kw>
<kw name="Get Code" library="getcodeLibrary">
<arguments>
<arg>D:\\Program Files\\JetBrains\\PyCharm Community Edition 2020.2\\rf-selenium\\picture\\</arg>
</arguments>
<assign>
<var>${code}</var>
</assign>
<msg timestamp="20210908 17:55:25.829" level="INFO">1337</msg>
<msg timestamp="20210908 17:55:25.829" level="INFO">${code} = 1337</msg>
<status status="PASS" starttime="20210908 17:55:23.494" endtime="20210908 17:55:25.829"></status>
</kw>
<kw name="Input Text" library="Selenium2Library">
<doc>Types the given ``text`` into the text field identified by ``locator``.</doc>
<arguments>
<arg>name=imgCode</arg>
<arg>${code}</arg>
</arguments>
<msg timestamp="20210908 17:55:25.829" level="INFO">Typing text '1337' into text field 'name=imgCode'.</msg>
<status status="PASS" starttime="20210908 17:55:25.829" endtime="20210908 17:55:25.889"></status>
</kw>
<kw name="Click Button" library="Selenium2Library">
<doc>Clicks the button identified by ``locator``.</doc>
<arguments>
<arg>id=login</arg>
</arguments>
<msg timestamp="20210908 17:55:25.889" level="INFO">Clicking button 'id=login'.</msg>
<status status="PASS" starttime="20210908 17:55:25.889" endtime="20210908 17:55:47.671"></status>
</kw>
<kw name="Sleep" library="BuiltIn">
<doc>Pauses the test executed for the given time.</doc>
<arguments>
<arg>2</arg>
</arguments>
<msg timestamp="20210908 17:55:49.674" level="INFO">Slept 2 seconds</msg>
<status status="PASS" starttime="20210908 17:55:47.672" endtime="20210908 17:55:49.674"></status>
</kw>
<kw name="Get Locations" library="Selenium2Library">
<doc>Returns and logs URLs of all windows of the selected browser.</doc>
<assign>
<var>${currentUrl}</var>
</assign>
<msg timestamp="20210908 17:55:49.686" level="INFO">Altogether 1 item.
1: http://sqwytst.wt.com:14352/?code=aEJIYg</msg>
<msg timestamp="20210908 17:55:49.686" level="INFO">${currentUrl} = ['http://sqwytst.wt.com:14352/?code=aEJIYg']</msg>
<status status="PASS" starttime="20210908 17:55:49.674" endtime="20210908 17:55:49.686"></status>
</kw>
<kw name="Get Window Titles" library="Selenium2Library">
<doc>Returns and logs titles of all windows of the selected browser.</doc>
<assign>
<var>${title}</var>
</assign>
<msg timestamp="20210908 17:55:49.697" level="INFO">Altogether 1 item.
1: sqwytst.wt.com</msg>
<msg timestamp="20210908 17:55:49.697" level="INFO">${title} = ['sqwytst.wt.com']</msg>
<status status="PASS" starttime="20210908 17:55:49.686" endtime="20210908 17:55:49.697"></status>
</kw>
<kw name="Run Keyword And Ignore Error" library="BuiltIn">
<doc>Runs the given keyword with the given arguments and ignores possible error.</doc>
<arguments>
<arg>set variable if</arg>
<arg>'${currentUrl}[0]'=='http://sso.wt.com:3100/loginPage?error'</arg>
<arg>登录失败</arg>
<arg>${currentUrl}</arg>
<arg>登录成功</arg>
</arguments>
<assign>
<var>${result}</var>
<var>${resultvalue}</var>
</assign>
<kw name="Set Variable If" library="BuiltIn">
<doc>Sets variable based on the given condition.</doc>
<arguments>
<arg>'${currentUrl}[0]'=='http://sso.wt.com:3100/loginPage?error'</arg>
<arg>登录失败</arg>
<arg>${currentUrl}</arg>
<arg>登录成功</arg>
</arguments>
<kw name="Set Variable If" library="BuiltIn">
<doc>Sets variable based on the given condition.</doc>
<arguments>
<arg>${currentUrl}</arg>
<arg>登录成功</arg>
</arguments>
<status status="PASS" starttime="20210908 17:55:49.697" endtime="20210908 17:55:49.698"></status>
</kw>
<status status="PASS" starttime="20210908 17:55:49.697" endtime="20210908 17:55:49.698"></status>
</kw>
<msg timestamp="20210908 17:55:49.698" level="INFO">${result} = PASS</msg>
<msg timestamp="20210908 17:55:49.698" level="INFO">${resultvalue} = 登录成功</msg>
<status status="PASS" starttime="20210908 17:55:49.697" endtime="20210908 17:55:49.698"></status>
</kw>
<kw name="Exit For Loop If" library="BuiltIn">
<doc>Stops executing the enclosing for loop if the ``condition`` is true.</doc>
<arguments>
<arg>'${resultvalue}'=='登录成功'</arg>
</arguments>
<msg timestamp="20210908 17:55:49.698" level="INFO">Exiting for loop altogether.</msg>
<status status="PASS" starttime="20210908 17:55:49.698" endtime="20210908 17:55:49.698"></status>
</kw>
<status status="PASS" starttime="20210908 17:55:23.197" endtime="20210908 17:55:49.698"></status>
</kw>
<status status="PASS" starttime="20210908 17:55:11.736" endtime="20210908 17:55:49.698"></status>
</kw>
<kw name="Sleep" library="BuiltIn">
<doc>Pauses the test executed for the given time.</doc>
<arguments>
<arg>5</arg>
</arguments>
<msg timestamp="20210908 17:55:54.700" level="INFO">Slept 5 seconds</msg>
<status status="PASS" starttime="20210908 17:55:49.698" endtime="20210908 17:55:54.700"></status>
</kw>
<kw name="Click Element" library="Selenium2Library">
<doc>Click the element identified by ``locator``.</doc>
<arguments>
<arg>xpath://*[@id="app"]/div/div[2]/div/div/div[2]/div[2]/div[3]/table/tbody/tr/td[2]/div</arg>
</arguments>
<msg timestamp="20210908 17:55:54.700" level="INFO">Clicking element 'xpath://*[@id="app"]/div/div[2]/div/div/div[2]/div[2]/div[3]/table/tbody/tr/td[2]/div'.</msg>
<kw name="Capture Page Screenshot" library="Selenium2Library">
<doc>Takes a screenshot of the current page and embeds it into a log file.</doc>
<msg timestamp="20210908 17:55:54.827" level="INFO" html="yes">&lt;/td&gt;&lt;/tr&gt;&lt;tr&gt;&lt;td colspan="3"&gt;&lt;a href="../picture/selenium-screenshot-28.png"&gt;&lt;img src="../picture/selenium-screenshot-28.png" width="800px"&gt;&lt;/a&gt;</msg>
<status status="PASS" starttime="20210908 17:55:54.709" endtime="20210908 17:55:54.827"></status>
</kw>
<msg timestamp="20210908 17:55:54.829" level="FAIL">Element with locator 'xpath://*[@id="app"]/div/div[2]/div/div/div[2]/div[2]/div[3]/table/tbody/tr/td[2]/div' not found.</msg>
<status status="FAIL" starttime="20210908 17:55:54.700" endtime="20210908 17:55:54.829"></status>
</kw>
<status status="FAIL" starttime="20210908 17:55:04.363" endtime="20210908 17:55:54.829"></status>
</kw>
<status status="FAIL" starttime="20210908 17:55:04.362" endtime="20210908 17:55:54.829" critical="yes">Element with locator 'xpath://*[@id="app"]/div/div[2]/div/div/div[2]/div[2]/div[3]/table/tbody/tr/td[2]/div' not found.</status>
</test>
<metadata>
<item name="author">L</item>
<item name="version">1.0</item>
</metadata>
<status status="FAIL" starttime="20210908 17:55:04.110" endtime="20210908 17:55:54.829"></status>
</suite>
<statistics>
<total>
<stat pass="0" fail="1">Critical Tests</stat>
<stat pass="0" fail="1">All Tests</stat>
</total>
<tag>
</tag>
<suite>
<stat pass="0" fail="1" id="s1" name="智慧网格">智慧网格</stat>
</suite>
</statistics>
<errors>
</errors>
</robot>
