<?xml version="1.0" encoding="UTF-8"?>
<robot generator="Robot 3.2.2 (Python 3.9.1 on win32)" generated="20210909 14:56:25.122" rpa="false">
<suite id="s1" name="智慧网格" source="D:\Program Files\JetBrains\PyCharm Community Edition 2020.2\rf-selenium\智慧网格.robot">
<test id="s1-t1" name="case01 [Documentation] 登录智慧网格系统">
<kw name="Login-getCode">
<kw name="Open Browser" library="Selenium2Library">
<doc>Opens a new browser instance to the optional ``url``.</doc>
<arguments>
<arg>http://sqwytst.wt.com:14352/</arg>
<arg>chrome</arg>
</arguments>
<msg timestamp="20210909 14:56:27.392" level="INFO">Opening browser 'chrome' to base url 'http://sqwytst.wt.com:14352/'.</msg>
<status status="PASS" starttime="20210909 14:56:27.391" endtime="20210909 14:56:31.713"></status>
</kw>
<kw name="Maximize Browser Window" library="Selenium2Library">
<doc>Maximizes current browser window.</doc>
<status status="PASS" starttime="20210909 14:56:31.713" endtime="20210909 14:56:31.834"></status>
</kw>
<kw name="Wait Until Element Is Enabled" library="Selenium2Library">
<doc>Waits until the element ``locator`` is enabled.</doc>
<arguments>
<arg>xpath://*[@id="app"]/div/div[1]/div/span</arg>
</arguments>
<status status="PASS" starttime="20210909 14:56:31.834" endtime="20210909 14:56:31.852"></status>
</kw>
<kw name="Click Element" library="Selenium2Library">
<doc>Click the element identified by ``locator``.</doc>
<arguments>
<arg>xpath://*[@id="app"]/div/div[1]/div/span</arg>
</arguments>
<msg timestamp="20210909 14:56:31.852" level="INFO">Clicking element 'xpath://*[@id="app"]/div/div[1]/div/span'.</msg>
<status status="PASS" starttime="20210909 14:56:31.852" endtime="20210909 14:56:31.982"></status>
</kw>
<kw name="Sleep" library="BuiltIn">
<doc>Pauses the test executed for the given time.</doc>
<arguments>
<arg>2</arg>
</arguments>
<msg timestamp="20210909 14:56:33.983" level="INFO">Slept 2 seconds</msg>
<status status="PASS" starttime="20210909 14:56:31.982" endtime="20210909 14:56:33.983"></status>
</kw>
<kw name="${index} IN RANGE [ 10 ]" type="for">
<kw name="${index} = 0" type="foritem">
<kw name="Input Text" library="Selenium2Library">
<doc>Types the given ``text`` into the text field identified by ``locator``.</doc>
<arguments>
<arg>name=username</arg>
<arg>13734206025</arg>
</arguments>
<msg timestamp="20210909 14:56:33.983" level="INFO">Typing text '13734206025' into text field 'name=username'.</msg>
<status status="PASS" starttime="20210909 14:56:33.983" endtime="20210909 14:56:34.093"></status>
</kw>
<kw name="Input Text" library="Selenium2Library">
<doc>Types the given ``text`` into the text field identified by ``locator``.</doc>
<arguments>
<arg>name=password</arg>
<arg>asdqwe123</arg>
</arguments>
<msg timestamp="20210909 14:56:34.093" level="INFO">Typing text 'asdqwe123' into text field 'name=password'.</msg>
<status status="PASS" starttime="20210909 14:56:34.093" endtime="20210909 14:56:34.176"></status>
</kw>
<kw name="Set Screenshot Directory" library="Selenium2Library">
<doc>Sets the directory for captured screenshots.</doc>
<arguments>
<arg>D:\\Program Files\\JetBrains\\PyCharm Community Edition 2020.2\\rf-selenium/picture</arg>
</arguments>
<status status="PASS" starttime="20210909 14:56:34.176" endtime="20210909 14:56:34.176"></status>
</kw>
<kw name="Capture Page Screenshot" library="Selenium2Library">
<doc>Takes a screenshot of the current page and embeds it into a log file.</doc>
<arguments>
<arg>D:\\Program Files\\JetBrains\\PyCharm Community Edition 2020.2\\rf-selenium/picture/1.png</arg>
</arguments>
<msg timestamp="20210909 14:56:34.348" level="INFO" html="yes">&lt;/td&gt;&lt;/tr&gt;&lt;tr&gt;&lt;td colspan="3"&gt;&lt;a href="../picture/1.png"&gt;&lt;img src="../picture/1.png" width="800px"&gt;&lt;/a&gt;</msg>
<status status="PASS" starttime="20210909 14:56:34.177" endtime="20210909 14:56:34.349"></status>
</kw>
<kw name="Get Code" library="getcodeLibrary">
<arguments>
<arg>D:\\Program Files\\JetBrains\\PyCharm Community Edition 2020.2\\rf-selenium\\picture\\</arg>
</arguments>
<assign>
<var>${code}</var>
</assign>
<msg timestamp="20210909 14:56:38.904" level="INFO">G535</msg>
<msg timestamp="20210909 14:56:38.904" level="INFO">${code} = G535</msg>
<status status="PASS" starttime="20210909 14:56:34.349" endtime="20210909 14:56:38.905"></status>
</kw>
<kw name="Input Text" library="Selenium2Library">
<doc>Types the given ``text`` into the text field identified by ``locator``.</doc>
<arguments>
<arg>name=imgCode</arg>
<arg>${code}</arg>
</arguments>
<msg timestamp="20210909 14:56:38.905" level="INFO">Typing text 'G535' into text field 'name=imgCode'.</msg>
<status status="PASS" starttime="20210909 14:56:38.905" endtime="20210909 14:56:38.960"></status>
</kw>
<kw name="Click Button" library="Selenium2Library">
<doc>Clicks the button identified by ``locator``.</doc>
<arguments>
<arg>id=login</arg>
</arguments>
<msg timestamp="20210909 14:56:38.961" level="INFO">Clicking button 'id=login'.</msg>
<status status="PASS" starttime="20210909 14:56:38.960" endtime="20210909 14:56:39.049"></status>
</kw>
<kw name="Sleep" library="BuiltIn">
<doc>Pauses the test executed for the given time.</doc>
<arguments>
<arg>2</arg>
</arguments>
<msg timestamp="20210909 14:56:41.052" level="INFO">Slept 2 seconds</msg>
<status status="PASS" starttime="20210909 14:56:39.050" endtime="20210909 14:56:41.052"></status>
</kw>
<kw name="Get Locations" library="Selenium2Library">
<doc>Returns and logs URLs of all windows of the selected browser.</doc>
<assign>
<var>${currentUrl}</var>
</assign>
<msg timestamp="20210909 14:56:41.070" level="INFO">Altogether 1 item.
1: http://sso.wt.com:3100/loginPage?error</msg>
<msg timestamp="20210909 14:56:41.070" level="INFO">${currentUrl} = ['http://sso.wt.com:3100/loginPage?error']</msg>
<status status="PASS" starttime="20210909 14:56:41.052" endtime="20210909 14:56:41.070"></status>
</kw>
<kw name="Get Window Titles" library="Selenium2Library">
<doc>Returns and logs titles of all windows of the selected browser.</doc>
<assign>
<var>${title}</var>
</assign>
<msg timestamp="20210909 14:56:41.084" level="INFO">Altogether 1 item.
1: 用户登录</msg>
<msg timestamp="20210909 14:56:41.084" level="INFO">${title} = ['用户登录']</msg>
<status status="PASS" starttime="20210909 14:56:41.070" endtime="20210909 14:56:41.084"></status>
</kw>
<kw name="Run Keyword And Ignore Error" library="BuiltIn">
<doc>Runs the given keyword with the given arguments and ignores possible error.</doc>
<arguments>
<arg>set variable if</arg>
<arg>'${currentUrl}[0]'=='http://sso.wt.com:3100/loginPage?error'</arg>
<arg>登录失败</arg>
<arg>${currentUrl}</arg>
<arg>登录成功</arg>
</arguments>
<assign>
<var>${result}</var>
<var>${resultvalue}</var>
</assign>
<kw name="Set Variable If" library="BuiltIn">
<doc>Sets variable based on the given condition.</doc>
<arguments>
<arg>'${currentUrl}[0]'=='http://sso.wt.com:3100/loginPage?error'</arg>
<arg>登录失败</arg>
<arg>${currentUrl}</arg>
<arg>登录成功</arg>
</arguments>
<status status="PASS" starttime="20210909 14:56:41.084" endtime="20210909 14:56:41.084"></status>
</kw>
<msg timestamp="20210909 14:56:41.085" level="INFO">${result} = PASS</msg>
<msg timestamp="20210909 14:56:41.085" level="INFO">${resultvalue} = 登录失败</msg>
<status status="PASS" starttime="20210909 14:56:41.084" endtime="20210909 14:56:41.085"></status>
</kw>
<kw name="Exit For Loop If" library="BuiltIn">
<doc>Stops executing the enclosing for loop if the ``condition`` is true.</doc>
<arguments>
<arg>'${resultvalue}'=='登录成功'</arg>
</arguments>
<status status="PASS" starttime="20210909 14:56:41.085" endtime="20210909 14:56:41.085"></status>
</kw>
<status status="PASS" starttime="20210909 14:56:33.983" endtime="20210909 14:56:41.085"></status>
</kw>
<kw name="${index} = 1" type="foritem">
<kw name="Input Text" library="Selenium2Library">
<doc>Types the given ``text`` into the text field identified by ``locator``.</doc>
<arguments>
<arg>name=username</arg>
<arg>13734206025</arg>
</arguments>
<msg timestamp="20210909 14:56:41.086" level="INFO">Typing text '13734206025' into text field 'name=username'.</msg>
<status status="PASS" starttime="20210909 14:56:41.085" endtime="20210909 14:56:41.156"></status>
</kw>
<kw name="Input Text" library="Selenium2Library">
<doc>Types the given ``text`` into the text field identified by ``locator``.</doc>
<arguments>
<arg>name=password</arg>
<arg>asdqwe123</arg>
</arguments>
<msg timestamp="20210909 14:56:41.156" level="INFO">Typing text 'asdqwe123' into text field 'name=password'.</msg>
<status status="PASS" starttime="20210909 14:56:41.156" endtime="20210909 14:56:41.218"></status>
</kw>
<kw name="Set Screenshot Directory" library="Selenium2Library">
<doc>Sets the directory for captured screenshots.</doc>
<arguments>
<arg>D:\\Program Files\\JetBrains\\PyCharm Community Edition 2020.2\\rf-selenium/picture</arg>
</arguments>
<status status="PASS" starttime="20210909 14:56:41.218" endtime="20210909 14:56:41.218"></status>
</kw>
<kw name="Capture Page Screenshot" library="Selenium2Library">
<doc>Takes a screenshot of the current page and embeds it into a log file.</doc>
<arguments>
<arg>D:\\Program Files\\JetBrains\\PyCharm Community Edition 2020.2\\rf-selenium/picture/1.png</arg>
</arguments>
<msg timestamp="20210909 14:56:41.369" level="INFO" html="yes">&lt;/td&gt;&lt;/tr&gt;&lt;tr&gt;&lt;td colspan="3"&gt;&lt;a href="../picture/1.png"&gt;&lt;img src="../picture/1.png" width="800px"&gt;&lt;/a&gt;</msg>
<status status="PASS" starttime="20210909 14:56:41.218" endtime="20210909 14:56:41.369"></status>
</kw>
<kw name="Get Code" library="getcodeLibrary">
<arguments>
<arg>D:\\Program Files\\JetBrains\\PyCharm Community Edition 2020.2\\rf-selenium\\picture\\</arg>
</arguments>
<assign>
<var>${code}</var>
</assign>
<msg timestamp="20210909 14:56:43.823" level="INFO">5765</msg>
<msg timestamp="20210909 14:56:43.823" level="INFO">${code} = 5765</msg>
<status status="PASS" starttime="20210909 14:56:41.369" endtime="20210909 14:56:43.823"></status>
</kw>
<kw name="Input Text" library="Selenium2Library">
<doc>Types the given ``text`` into the text field identified by ``locator``.</doc>
<arguments>
<arg>name=imgCode</arg>
<arg>${code}</arg>
</arguments>
<msg timestamp="20210909 14:56:43.823" level="INFO">Typing text '5765' into text field 'name=imgCode'.</msg>
<status status="PASS" starttime="20210909 14:56:43.823" endtime="20210909 14:56:43.883"></status>
</kw>
<kw name="Click Button" library="Selenium2Library">
<doc>Clicks the button identified by ``locator``.</doc>
<arguments>
<arg>id=login</arg>
</arguments>
<msg timestamp="20210909 14:56:43.883" level="INFO">Clicking button 'id=login'.</msg>
<status status="PASS" starttime="20210909 14:56:43.883" endtime="20210909 14:56:45.098"></status>
</kw>
<kw name="Sleep" library="BuiltIn">
<doc>Pauses the test executed for the given time.</doc>
<arguments>
<arg>2</arg>
</arguments>
<msg timestamp="20210909 14:56:47.099" level="INFO">Slept 2 seconds</msg>
<status status="PASS" starttime="20210909 14:56:45.098" endtime="20210909 14:56:47.099"></status>
</kw>
<kw name="Get Locations" library="Selenium2Library">
<doc>Returns and logs URLs of all windows of the selected browser.</doc>
<assign>
<var>${currentUrl}</var>
</assign>
<msg timestamp="20210909 14:56:47.115" level="INFO">Altogether 1 item.
1: http://sqwytst.wt.com:14352/?code=ZfmQdl</msg>
<msg timestamp="20210909 14:56:47.115" level="INFO">${currentUrl} = ['http://sqwytst.wt.com:14352/?code=ZfmQdl']</msg>
<status status="PASS" starttime="20210909 14:56:47.099" endtime="20210909 14:56:47.115"></status>
</kw>
<kw name="Get Window Titles" library="Selenium2Library">
<doc>Returns and logs titles of all windows of the selected browser.</doc>
<assign>
<var>${title}</var>
</assign>
<msg timestamp="20210909 14:56:47.129" level="INFO">Altogether 1 item.
1: 智慧网格综合管理平台</msg>
<msg timestamp="20210909 14:56:47.130" level="INFO">${title} = ['智慧网格综合管理平台']</msg>
<status status="PASS" starttime="20210909 14:56:47.115" endtime="20210909 14:56:47.130"></status>
</kw>
<kw name="Run Keyword And Ignore Error" library="BuiltIn">
<doc>Runs the given keyword with the given arguments and ignores possible error.</doc>
<arguments>
<arg>set variable if</arg>
<arg>'${currentUrl}[0]'=='http://sso.wt.com:3100/loginPage?error'</arg>
<arg>登录失败</arg>
<arg>${currentUrl}</arg>
<arg>登录成功</arg>
</arguments>
<assign>
<var>${result}</var>
<var>${resultvalue}</var>
</assign>
<kw name="Set Variable If" library="BuiltIn">
<doc>Sets variable based on the given condition.</doc>
<arguments>
<arg>'${currentUrl}[0]'=='http://sso.wt.com:3100/loginPage?error'</arg>
<arg>登录失败</arg>
<arg>${currentUrl}</arg>
<arg>登录成功</arg>
</arguments>
<kw name="Set Variable If" library="BuiltIn">
<doc>Sets variable based on the given condition.</doc>
<arguments>
<arg>${currentUrl}</arg>
<arg>登录成功</arg>
</arguments>
<status status="PASS" starttime="20210909 14:56:47.131" endtime="20210909 14:56:47.131"></status>
</kw>
<status status="PASS" starttime="20210909 14:56:47.130" endtime="20210909 14:56:47.131"></status>
</kw>
<msg timestamp="20210909 14:56:47.131" level="INFO">${result} = PASS</msg>
<msg timestamp="20210909 14:56:47.131" level="INFO">${resultvalue} = 登录成功</msg>
<status status="PASS" starttime="20210909 14:56:47.130" endtime="20210909 14:56:47.131"></status>
</kw>
<kw name="Exit For Loop If" library="BuiltIn">
<doc>Stops executing the enclosing for loop if the ``condition`` is true.</doc>
<arguments>
<arg>'${resultvalue}'=='登录成功'</arg>
</arguments>
<msg timestamp="20210909 14:56:47.131" level="INFO">Exiting for loop altogether.</msg>
<status status="PASS" starttime="20210909 14:56:47.131" endtime="20210909 14:56:47.132"></status>
</kw>
<status status="PASS" starttime="20210909 14:56:41.085" endtime="20210909 14:56:47.132"></status>
</kw>
<status status="PASS" starttime="20210909 14:56:33.983" endtime="20210909 14:56:47.132"></status>
</kw>
<kw name="Sleep" library="BuiltIn">
<doc>Pauses the test executed for the given time.</doc>
<arguments>
<arg>5</arg>
</arguments>
<msg timestamp="20210909 14:56:52.134" level="INFO">Slept 5 seconds</msg>
<status status="PASS" starttime="20210909 14:56:47.132" endtime="20210909 14:56:52.134"></status>
</kw>
<kw name="Click Element" library="Selenium2Library">
<doc>Click the element identified by ``locator``.</doc>
<arguments>
<arg>xpath://*[@id="app"]/div/div[2]/div/div/div[2]/div[2]/div[3]/table/tbody/tr/td[2]/div</arg>
</arguments>
<msg timestamp="20210909 14:56:52.134" level="INFO">Clicking element 'xpath://*[@id="app"]/div/div[2]/div/div/div[2]/div[2]/div[3]/table/tbody/tr/td[2]/div'.</msg>
<status status="PASS" starttime="20210909 14:56:52.134" endtime="20210909 14:56:52.177"></status>
</kw>
<kw name="Click Element" library="Selenium2Library">
<doc>Click the element identified by ``locator``.</doc>
<arguments>
<arg>xpath:/html/body/div[1]/div/div[2]/div/div/div[3]/div/button[2]/span</arg>
</arguments>
<msg timestamp="20210909 14:56:52.177" level="INFO">Clicking element 'xpath:/html/body/div[1]/div/div[2]/div/div/div[3]/div/button[2]/span'.</msg>
<status status="PASS" starttime="20210909 14:56:52.177" endtime="20210909 14:56:52.216"></status>
</kw>
<kw name="Sleep" library="BuiltIn">
<doc>Pauses the test executed for the given time.</doc>
<arguments>
<arg>5</arg>
</arguments>
<msg timestamp="20210909 14:56:57.216" level="INFO">Slept 5 seconds</msg>
<status status="PASS" starttime="20210909 14:56:52.216" endtime="20210909 14:56:57.216"></status>
</kw>
<kw name="Click Element" library="Selenium2Library">
<doc>Click the element identified by ``locator``.</doc>
<arguments>
<arg>xpath://*[@id="app"]/div/div[1]/div/div[1]/div/ul/div[3]/a/li/div</arg>
</arguments>
<msg timestamp="20210909 14:56:57.216" level="INFO">Clicking element 'xpath://*[@id="app"]/div/div[1]/div/div[1]/div/ul/div[3]/a/li/div'.</msg>
<status status="PASS" starttime="20210909 14:56:57.216" endtime="20210909 14:56:57.458"></status>
</kw>
<kw name="Input Text" library="Selenium2Library">
<doc>Types the given ``text`` into the text field identified by ``locator``.</doc>
<arguments>
<arg>xpath://*[@id="appMain"]/div/div[1]/div/main/div/div[1]/div/form/div[1]/div/div/input</arg>
<arg>大同招生政府</arg>
</arguments>
<msg timestamp="20210909 14:56:57.458" level="INFO">Typing text '大同招生政府' into text field 'xpath://*[@id="appMain"]/div/div[1]/div/main/div/div[1]/div/form/div[1]/div/div/input'.</msg>
<status status="PASS" starttime="20210909 14:56:57.458" endtime="20210909 14:56:57.658"></status>
</kw>
<kw name="Click Element" library="Selenium2Library">
<doc>Click the element identified by ``locator``.</doc>
<arguments>
<arg>xpath://*[@id="appMain"]/div/div[1]/div/main/div/div[1]/div/form/div[4]/div/div/div/input</arg>
</arguments>
<msg timestamp="20210909 14:56:57.658" level="INFO">Clicking element 'xpath://*[@id="appMain"]/div/div[1]/div/main/div/div[1]/div/form/div[4]/div/div/div/input'.</msg>
<status status="PASS" starttime="20210909 14:56:57.658" endtime="20210909 14:56:57.813"></status>
</kw>
<kw name="Sleep" library="BuiltIn">
<doc>Pauses the test executed for the given time.</doc>
<arguments>
<arg>3</arg>
</arguments>
<msg timestamp="20210909 14:57:00.815" level="INFO">Slept 3 seconds</msg>
<status status="PASS" starttime="20210909 14:56:57.813" endtime="20210909 14:57:00.815"></status>
</kw>
<kw name="Click Element" library="Selenium2Library">
<doc>Click the element identified by ``locator``.</doc>
<arguments>
<arg>xpath:/html/body/div[2]/div/div[1]/div/ul/li/span</arg>
</arguments>
<msg timestamp="20210909 14:57:00.815" level="INFO">Clicking element 'xpath:/html/body/div[2]/div/div[1]/div/ul/li/span'.</msg>
<status status="PASS" starttime="20210909 14:57:00.815" endtime="20210909 14:57:00.875"></status>
</kw>
<kw name="Sleep" library="BuiltIn">
<doc>Pauses the test executed for the given time.</doc>
<arguments>
<arg>3</arg>
</arguments>
<msg timestamp="20210909 14:57:03.877" level="INFO">Slept 3 seconds</msg>
<status status="PASS" starttime="20210909 14:57:00.875" endtime="20210909 14:57:03.877"></status>
</kw>
<kw name="Click Element" library="Selenium2Library">
<doc>Click the element identified by ``locator``.</doc>
<arguments>
<arg>xpath:/html/body/div[2]/div/div[2]/div/ul/li[1]/span</arg>
</arguments>
<msg timestamp="20210909 14:57:03.877" level="INFO">Clicking element 'xpath:/html/body/div[2]/div/div[2]/div/ul/li[1]/span'.</msg>
<status status="PASS" starttime="20210909 14:57:03.877" endtime="20210909 14:57:04.010"></status>
</kw>
<kw name="Sleep" library="BuiltIn">
<doc>Pauses the test executed for the given time.</doc>
<arguments>
<arg>3</arg>
</arguments>
<msg timestamp="20210909 14:57:07.012" level="INFO">Slept 3 seconds</msg>
<status status="PASS" starttime="20210909 14:57:04.011" endtime="20210909 14:57:07.012"></status>
</kw>
<kw name="Click Element" library="Selenium2Library">
<doc>Click the element identified by ``locator``.</doc>
<arguments>
<arg>xpath:/html/body/div[2]/div/div[3]/div/ul/li[1]/span</arg>
</arguments>
<msg timestamp="20210909 14:57:07.012" level="INFO">Clicking element 'xpath:/html/body/div[2]/div/div[3]/div/ul/li[1]/span'.</msg>
<status status="PASS" starttime="20210909 14:57:07.012" endtime="20210909 14:57:07.085"></status>
</kw>
<kw name="Sleep" library="BuiltIn">
<doc>Pauses the test executed for the given time.</doc>
<arguments>
<arg>3</arg>
</arguments>
<msg timestamp="20210909 14:57:10.087" level="INFO">Slept 3 seconds</msg>
<status status="PASS" starttime="20210909 14:57:07.086" endtime="20210909 14:57:10.087"></status>
</kw>
<kw name="Click Element" library="Selenium2Library">
<doc>Click the element identified by ``locator``.</doc>
<arguments>
<arg>xpath:/html/body/div[2]/div/div[4]/div/ul/li[1]/label/span[1]/span</arg>
</arguments>
<msg timestamp="20210909 14:57:10.087" level="INFO">Clicking element 'xpath:/html/body/div[2]/div/div[4]/div/ul/li[1]/label/span[1]/span'.</msg>
<status status="PASS" starttime="20210909 14:57:10.087" endtime="20210909 14:57:10.164"></status>
</kw>
<kw name="Sleep" library="BuiltIn">
<doc>Pauses the test executed for the given time.</doc>
<arguments>
<arg>3</arg>
</arguments>
<msg timestamp="20210909 14:57:13.165" level="INFO">Slept 3 seconds</msg>
<status status="PASS" starttime="20210909 14:57:10.164" endtime="20210909 14:57:13.165"></status>
</kw>
<kw name="Click Element" library="Selenium2Library">
<doc>Click the element identified by ``locator``.</doc>
<arguments>
<arg>xpath://*[@id="appMain"]/div/div[1]/div/main/div/div[1]/div/form/div[3]/div/div/div/input</arg>
</arguments>
<msg timestamp="20210909 14:57:13.165" level="INFO">Clicking element 'xpath://*[@id="appMain"]/div/div[1]/div/main/div/div[1]/div/form/div[3]/div/div/div/input'.</msg>
<status status="PASS" starttime="20210909 14:57:13.165" endtime="20210909 14:57:13.218"></status>
</kw>
<kw name="Sleep" library="BuiltIn">
<doc>Pauses the test executed for the given time.</doc>
<arguments>
<arg>3</arg>
</arguments>
<msg timestamp="20210909 14:57:16.220" level="INFO">Slept 3 seconds</msg>
<status status="PASS" starttime="20210909 14:57:13.218" endtime="20210909 14:57:16.220"></status>
</kw>
<kw name="Click Element" library="Selenium2Library">
<doc>Click the element identified by ``locator``.</doc>
<arguments>
<arg>xpath:/html/body/div[3]/div[1]/div[1]/ul/li[2]</arg>
</arguments>
<msg timestamp="20210909 14:57:16.220" level="INFO">Clicking element 'xpath:/html/body/div[3]/div[1]/div[1]/ul/li[2]'.</msg>
<status status="PASS" starttime="20210909 14:57:16.220" endtime="20210909 14:57:16.270"></status>
</kw>
<kw name="Click Element" library="Selenium2Library">
<doc>Click the element identified by ``locator``.</doc>
<arguments>
<arg>xpath://*[@id="appMain"]/div/div[1]/div/main/div/div[1]/div/form/div[5]/div/div/div/input</arg>
</arguments>
<msg timestamp="20210909 14:57:16.271" level="INFO">Clicking element 'xpath://*[@id="appMain"]/div/div[1]/div/main/div/div[1]/div/form/div[5]/div/div/div/input'.</msg>
<status status="PASS" starttime="20210909 14:57:16.270" endtime="20210909 14:57:16.320"></status>
</kw>
<kw name="Sleep" library="BuiltIn">
<doc>Pauses the test executed for the given time.</doc>
<arguments>
<arg>3</arg>
</arguments>
<msg timestamp="20210909 14:57:19.322" level="INFO">Slept 3 seconds</msg>
<status status="PASS" starttime="20210909 14:57:16.320" endtime="20210909 14:57:19.322"></status>
</kw>
<kw name="Click Element" library="Selenium2Library">
<doc>Click the element identified by ``locator``.</doc>
<arguments>
<arg>xpath:/html/body/div[4]/div[1]/div[1]/ul/li[2]/span</arg>
</arguments>
<msg timestamp="20210909 14:57:19.322" level="INFO">Clicking element 'xpath:/html/body/div[4]/div[1]/div[1]/ul/li[2]/span'.</msg>
<status status="PASS" starttime="20210909 14:57:19.322" endtime="20210909 14:57:19.371"></status>
</kw>
<kw name="Click Element" library="Selenium2Library">
<doc>Click the element identified by ``locator``.</doc>
<arguments>
<arg>xpath://*[@id="appMain"]/div/div[1]/div/main/div/div[1]/div/form/div[6]/div/button[1]/span</arg>
</arguments>
<msg timestamp="20210909 14:57:19.372" level="INFO">Clicking element 'xpath://*[@id="appMain"]/div/div[1]/div/main/div/div[1]/div/form/div[6]/div/button[1]/span'.</msg>
<status status="PASS" starttime="20210909 14:57:19.371" endtime="20210909 14:57:19.464"></status>
</kw>
<kw name="Run Keyword And Continue On Failure" library="BuiltIn">
<doc>Runs the keyword and continues execution even if a failure occurs.</doc>
<arguments>
<arg>page_should_contain</arg>
<arg>大同招生政府</arg>
</arguments>
<kw name="Page Should Contain" library="Selenium2Library">
<doc>Verifies that current page contains ``text``.</doc>
<arguments>
<arg>大同招生政府</arg>
</arguments>
<kw name="Capture Page Screenshot" library="Selenium2Library">
<doc>Takes a screenshot of the current page and embeds it into a log file.</doc>
<msg timestamp="20210909 14:57:19.806" level="INFO" html="yes">&lt;/td&gt;&lt;/tr&gt;&lt;tr&gt;&lt;td colspan="3"&gt;&lt;a href="../picture/selenium-screenshot-1.png"&gt;&lt;img src="../picture/selenium-screenshot-1.png" width="800px"&gt;&lt;/a&gt;</msg>
<status status="PASS" starttime="20210909 14:57:19.652" endtime="20210909 14:57:19.806"></status>
</kw>
<msg timestamp="20210909 14:57:19.833" level="FAIL">Page should have contained text '大同招生政府' but did not.</msg>
<status status="FAIL" starttime="20210909 14:57:19.465" endtime="20210909 14:57:19.833"></status>
</kw>
<status status="FAIL" starttime="20210909 14:57:19.464" endtime="20210909 14:57:19.833"></status>
</kw>
<kw name="Click Element" library="Selenium2Library">
<doc>Click the element identified by ``locator``.</doc>
<arguments>
<arg>xpath://*[@id="app"]/div/div[1]/div/div[1]/div/ul/div[2]/span/span/li/div</arg>
</arguments>
<msg timestamp="20210909 14:57:19.833" level="INFO">Clicking element 'xpath://*[@id="app"]/div/div[1]/div/div[1]/div/ul/div[2]/span/span/li/div'.</msg>
<status status="PASS" starttime="20210909 14:57:19.833" endtime="20210909 14:57:19.883"></status>
</kw>
<kw name="Sleep" library="BuiltIn">
<doc>Pauses the test executed for the given time.</doc>
<arguments>
<arg>5</arg>
</arguments>
<msg timestamp="20210909 14:57:24.885" level="INFO">Slept 5 seconds</msg>
<status status="PASS" starttime="20210909 14:57:19.883" endtime="20210909 14:57:24.885"></status>
</kw>
<kw name="Click Element" library="Selenium2Library">
<doc>Click the element identified by ``locator``.</doc>
<arguments>
<arg>xpath:/html/body/div[5]/a/li/div</arg>
</arguments>
<msg timestamp="20210909 14:57:24.885" level="INFO">Clicking element 'xpath:/html/body/div[5]/a/li/div'.</msg>
<status status="PASS" starttime="20210909 14:57:24.885" endtime="20210909 14:57:26.415"></status>
</kw>
<kw name="Run Keyword And Continue On Failure" library="BuiltIn">
<doc>Runs the keyword and continues execution even if a failure occurs.</doc>
<arguments>
<arg>page_should_contain</arg>
<arg>当前位置：平城区</arg>
</arguments>
<kw name="Page Should Contain" library="Selenium2Library">
<doc>Verifies that current page contains ``text``.</doc>
<arguments>
<arg>当前位置：平城区</arg>
</arguments>
<msg timestamp="20210909 14:57:26.715" level="INFO">Current page contains text '当前位置：平城区'.</msg>
<status status="PASS" starttime="20210909 14:57:26.435" endtime="20210909 14:57:26.715"></status>
</kw>
<status status="PASS" starttime="20210909 14:57:26.415" endtime="20210909 14:57:26.715"></status>
</kw>
<kw name="Click Element" library="Selenium2Library">
<doc>Click the element identified by ``locator``.</doc>
<arguments>
<arg>xpath://*[@id="app"]/div/div[1]/div/div[1]/div/ul/div[4]/a/li/div</arg>
</arguments>
<msg timestamp="20210909 14:57:26.715" level="INFO">Clicking element 'xpath://*[@id="app"]/div/div[1]/div/div[1]/div/ul/div[4]/a/li/div'.</msg>
<status status="PASS" starttime="20210909 14:57:26.715" endtime="20210909 14:57:27.353"></status>
</kw>
<kw name="Sleep" library="BuiltIn">
<doc>Pauses the test executed for the given time.</doc>
<arguments>
<arg>5</arg>
</arguments>
<msg timestamp="20210909 14:57:32.354" level="INFO">Slept 5 seconds</msg>
<status status="PASS" starttime="20210909 14:57:27.353" endtime="20210909 14:57:32.354"></status>
</kw>
<kw name="Input Text" library="Selenium2Library">
<doc>Types the given ``text`` into the text field identified by ``locator``.</doc>
<arguments>
<arg>xpath://*[@id="appMain"]/div/div[1]/div[2]/div/form/div[1]/div/div/input</arg>
<arg>测试</arg>
</arguments>
<msg timestamp="20210909 14:57:32.354" level="INFO">Typing text '测试' into text field 'xpath://*[@id="appMain"]/div/div[1]/div[2]/div/form/div[1]/div/div/input'.</msg>
<status status="PASS" starttime="20210909 14:57:32.354" endtime="20210909 14:57:32.429"></status>
</kw>
<kw name="Click Element" library="Selenium2Library">
<doc>Click the element identified by ``locator``.</doc>
<arguments>
<arg>xpath://*[@id="appMain"]/div/div[1]/div[2]/div/form/div[2]/div/button[1]/span</arg>
</arguments>
<msg timestamp="20210909 14:57:32.429" level="INFO">Clicking element 'xpath://*[@id="appMain"]/div/div[1]/div[2]/div/form/div[2]/div/button[1]/span'.</msg>
<status status="PASS" starttime="20210909 14:57:32.429" endtime="20210909 14:57:32.480"></status>
</kw>
<kw name="Click Element" library="Selenium2Library">
<doc>Click the element identified by ``locator``.</doc>
<arguments>
<arg>xpath://*[@id="appMain"]/div/div[1]/div[1]/button/span</arg>
</arguments>
<msg timestamp="20210909 14:57:32.480" level="INFO">Clicking element 'xpath://*[@id="appMain"]/div/div[1]/div[1]/button/span'.</msg>
<status status="PASS" starttime="20210909 14:57:32.480" endtime="20210909 14:57:32.546"></status>
</kw>
<kw name="Sleep" library="BuiltIn">
<doc>Pauses the test executed for the given time.</doc>
<arguments>
<arg>5</arg>
</arguments>
<msg timestamp="20210909 14:57:37.547" level="INFO">Slept 5 seconds</msg>
<status status="PASS" starttime="20210909 14:57:32.546" endtime="20210909 14:57:37.547"></status>
</kw>
<kw name="Input Text" library="Selenium2Library">
<doc>Types the given ``text`` into the text field identified by ``locator``.</doc>
<arguments>
<arg>xpath://*[@id="appMain"]/div/div[2]/div/div/div[2]/form/div[1]/div/div[1]/input</arg>
<arg>测试</arg>
</arguments>
<msg timestamp="20210909 14:57:37.547" level="INFO">Typing text '测试' into text field 'xpath://*[@id="appMain"]/div/div[2]/div/div/div[2]/form/div[1]/div/div[1]/input'.</msg>
<status status="PASS" starttime="20210909 14:57:37.547" endtime="20210909 14:57:37.617"></status>
</kw>
<kw name="Input Text" library="Selenium2Library">
<doc>Types the given ``text`` into the text field identified by ``locator``.</doc>
<arguments>
<arg>xpath:/html/body/div[1]/div/div[2]/section/div/div[2]/div/div/div[2]/form/div[2]/div/div/div/div/div[2]/iframe</arg>
<arg>测试</arg>
</arguments>
<msg timestamp="20210909 14:57:37.617" level="INFO">Typing text '测试' into text field 'xpath:/html/body/div[1]/div/div[2]/section/div/div[2]/div/div/div[2]/form/div[2]/div/div/div/div/div[2]/iframe'.</msg>
<kw name="Capture Page Screenshot" library="Selenium2Library">
<doc>Takes a screenshot of the current page and embeds it into a log file.</doc>
<msg timestamp="20210909 14:57:37.799" level="INFO" html="yes">&lt;/td&gt;&lt;/tr&gt;&lt;tr&gt;&lt;td colspan="3"&gt;&lt;a href="../picture/selenium-screenshot-2.png"&gt;&lt;img src="../picture/selenium-screenshot-2.png" width="800px"&gt;&lt;/a&gt;</msg>
<status status="PASS" starttime="20210909 14:57:37.634" endtime="20210909 14:57:37.799"></status>
</kw>
<msg timestamp="20210909 14:57:37.839" level="FAIL">InvalidElementStateException: Message: invalid element state
  (Session info: chrome=92.0.4515.159)
</msg>
<status status="FAIL" starttime="20210909 14:57:37.617" endtime="20210909 14:57:37.839"></status>
</kw>
<status status="FAIL" starttime="20210909 14:56:27.391" endtime="20210909 14:57:37.839"></status>
</kw>
<status status="FAIL" starttime="20210909 14:56:27.388" endtime="20210909 14:57:37.840" critical="yes">Several failures occurred:

1) Page should have contained text '大同招生政府' but did not.

2) InvalidElementStateException: Message: invalid element state
  (Session info: chrome=92.0.4515.159)
</status>
</test>
<metadata>
<item name="author">L</item>
<item name="version">1.0</item>
</metadata>
<status status="FAIL" starttime="20210909 14:56:25.124" endtime="20210909 14:57:37.840"></status>
</suite>
<statistics>
<total>
<stat pass="0" fail="1">Critical Tests</stat>
<stat pass="0" fail="1">All Tests</stat>
</total>
<tag>
</tag>
<suite>
<stat pass="0" fail="1" id="s1" name="智慧网格">智慧网格</stat>
</suite>
</statistics>
<errors>
</errors>
</robot>
