<?xml version="1.0" encoding="UTF-8"?>
<robot generator="Robot 3.2.2 (Python 3.9.1 on win32)" generated="20210907 15:51:31.343" rpa="false">
<suite id="s1" name="智慧网格" source="D:\Program Files\JetBrains\PyCharm Community Edition 2020.2\rf-selenium\智慧网格.robot">
<test id="s1-t1" name="case01 [Documentation] 登录智慧网格系统">
<kw name="Login-getCode">
<kw name="Open Browser" library="Selenium2Library">
<doc>Opens a new browser instance to the optional ``url``.</doc>
<arguments>
<arg>http://sqwytst.wt.com:14352/</arg>
<arg>chrome</arg>
</arguments>
<msg timestamp="20210907 15:51:31.600" level="INFO">Opening browser 'chrome' to base url 'http://sqwytst.wt.com:14352/'.</msg>
<status status="PASS" starttime="20210907 15:51:31.600" endtime="20210907 15:51:34.342"></status>
</kw>
<kw name="Maximize Browser Window" library="Selenium2Library">
<doc>Maximizes current browser window.</doc>
<status status="PASS" starttime="20210907 15:51:34.343" endtime="20210907 15:51:34.456"></status>
</kw>
<kw name="Wait Until Element Is Enabled" library="Selenium2Library">
<doc>Waits until the element ``locator`` is enabled.</doc>
<arguments>
<arg>xpath://*[@id="app"]/div/div[1]/div/span</arg>
</arguments>
<status status="PASS" starttime="20210907 15:51:34.457" endtime="20210907 15:51:34.475"></status>
</kw>
<kw name="Click Element" library="Selenium2Library">
<doc>Click the element identified by ``locator``.</doc>
<arguments>
<arg>xpath://*[@id="app"]/div/div[1]/div/span</arg>
</arguments>
<msg timestamp="20210907 15:51:34.475" level="INFO">Clicking element 'xpath://*[@id="app"]/div/div[1]/div/span'.</msg>
<status status="PASS" starttime="20210907 15:51:34.475" endtime="20210907 15:51:37.682"></status>
</kw>
<kw name="Sleep" library="BuiltIn">
<doc>Pauses the test executed for the given time.</doc>
<arguments>
<arg>2</arg>
</arguments>
<msg timestamp="20210907 15:51:39.685" level="INFO">Slept 2 seconds</msg>
<status status="PASS" starttime="20210907 15:51:37.683" endtime="20210907 15:51:39.685"></status>
</kw>
<kw name="${index} IN RANGE [ 10 ]" type="for">
<kw name="${index} = 0" type="foritem">
<kw name="Input Text" library="Selenium2Library">
<doc>Types the given ``text`` into the text field identified by ``locator``.</doc>
<arguments>
<arg>name=username</arg>
<arg>13734206025</arg>
</arguments>
<msg timestamp="20210907 15:51:39.685" level="INFO">Typing text '13734206025' into text field 'name=username'.</msg>
<status status="PASS" starttime="20210907 15:51:39.685" endtime="20210907 15:51:39.751"></status>
</kw>
<kw name="Input Text" library="Selenium2Library">
<doc>Types the given ``text`` into the text field identified by ``locator``.</doc>
<arguments>
<arg>name=password</arg>
<arg>asdqwe123</arg>
</arguments>
<msg timestamp="20210907 15:51:39.751" level="INFO">Typing text 'asdqwe123' into text field 'name=password'.</msg>
<status status="PASS" starttime="20210907 15:51:39.751" endtime="20210907 15:51:39.813"></status>
</kw>
<kw name="Set Screenshot Directory" library="Selenium2Library">
<doc>Sets the directory for captured screenshots.</doc>
<arguments>
<arg>D:\\Program Files\\JetBrains\\PyCharm Community Edition 2020.2\\rf-selenium/picture</arg>
</arguments>
<status status="PASS" starttime="20210907 15:51:39.813" endtime="20210907 15:51:39.813"></status>
</kw>
<kw name="Capture Page Screenshot" library="Selenium2Library">
<doc>Takes a screenshot of the current page and embeds it into a log file.</doc>
<arguments>
<arg>D:\\Program Files\\JetBrains\\PyCharm Community Edition 2020.2\\rf-selenium/picture/1.png</arg>
</arguments>
<msg timestamp="20210907 15:51:39.983" level="INFO" html="yes">&lt;/td&gt;&lt;/tr&gt;&lt;tr&gt;&lt;td colspan="3"&gt;&lt;a href="../picture/1.png"&gt;&lt;img src="../picture/1.png" width="800px"&gt;&lt;/a&gt;</msg>
<status status="PASS" starttime="20210907 15:51:39.813" endtime="20210907 15:51:39.983"></status>
</kw>
<kw name="Get Code" library="getcodeLibrary">
<arguments>
<arg>D:\\Program Files\\JetBrains\\PyCharm Community Edition 2020.2\\rf-selenium\\picture\\</arg>
</arguments>
<assign>
<var>${code}</var>
</assign>
<msg timestamp="20210907 15:51:42.349" level="INFO">5037</msg>
<msg timestamp="20210907 15:51:42.350" level="INFO">${code} = 5037</msg>
<status status="PASS" starttime="20210907 15:51:39.983" endtime="20210907 15:51:42.350"></status>
</kw>
<kw name="Input Text" library="Selenium2Library">
<doc>Types the given ``text`` into the text field identified by ``locator``.</doc>
<arguments>
<arg>name=imgCode</arg>
<arg>${code}</arg>
</arguments>
<msg timestamp="20210907 15:51:42.350" level="INFO">Typing text '5037' into text field 'name=imgCode'.</msg>
<status status="PASS" starttime="20210907 15:51:42.350" endtime="20210907 15:51:42.412"></status>
</kw>
<kw name="Click Button" library="Selenium2Library">
<doc>Clicks the button identified by ``locator``.</doc>
<arguments>
<arg>id=login</arg>
</arguments>
<msg timestamp="20210907 15:51:42.413" level="INFO">Clicking button 'id=login'.</msg>
<status status="PASS" starttime="20210907 15:51:42.413" endtime="20210907 15:51:43.597"></status>
</kw>
<kw name="Sleep" library="BuiltIn">
<doc>Pauses the test executed for the given time.</doc>
<arguments>
<arg>2</arg>
</arguments>
<msg timestamp="20210907 15:51:45.599" level="INFO">Slept 2 seconds</msg>
<status status="PASS" starttime="20210907 15:51:43.597" endtime="20210907 15:51:45.599"></status>
</kw>
<kw name="Get Locations" library="Selenium2Library">
<doc>Returns and logs URLs of all windows of the selected browser.</doc>
<assign>
<var>${currentUrl}</var>
</assign>
<msg timestamp="20210907 15:51:45.618" level="INFO">Altogether 1 item.
1: http://sqwytst.wt.com:14352/?code=fvGiIR</msg>
<msg timestamp="20210907 15:51:45.618" level="INFO">${currentUrl} = ['http://sqwytst.wt.com:14352/?code=fvGiIR']</msg>
<status status="PASS" starttime="20210907 15:51:45.599" endtime="20210907 15:51:45.618"></status>
</kw>
<kw name="Get Window Titles" library="Selenium2Library">
<doc>Returns and logs titles of all windows of the selected browser.</doc>
<assign>
<var>${title}</var>
</assign>
<msg timestamp="20210907 15:51:45.632" level="INFO">Altogether 1 item.
1: 智慧网格综合管理平台</msg>
<msg timestamp="20210907 15:51:45.632" level="INFO">${title} = ['智慧网格综合管理平台']</msg>
<status status="PASS" starttime="20210907 15:51:45.618" endtime="20210907 15:51:45.632"></status>
</kw>
<kw name="Run Keyword And Ignore Error" library="BuiltIn">
<doc>Runs the given keyword with the given arguments and ignores possible error.</doc>
<arguments>
<arg>set variable if</arg>
<arg>'${currentUrl}[0]'=='http://sso.wt.com:3100/loginPage?error'</arg>
<arg>登录失败</arg>
<arg>${currentUrl}</arg>
<arg>登录成功</arg>
</arguments>
<assign>
<var>${result}</var>
<var>${resultvalue}</var>
</assign>
<kw name="Set Variable If" library="BuiltIn">
<doc>Sets variable based on the given condition.</doc>
<arguments>
<arg>'${currentUrl}[0]'=='http://sso.wt.com:3100/loginPage?error'</arg>
<arg>登录失败</arg>
<arg>${currentUrl}</arg>
<arg>登录成功</arg>
</arguments>
<kw name="Set Variable If" library="BuiltIn">
<doc>Sets variable based on the given condition.</doc>
<arguments>
<arg>${currentUrl}</arg>
<arg>登录成功</arg>
</arguments>
<status status="PASS" starttime="20210907 15:51:45.632" endtime="20210907 15:51:45.633"></status>
</kw>
<status status="PASS" starttime="20210907 15:51:45.632" endtime="20210907 15:51:45.633"></status>
</kw>
<msg timestamp="20210907 15:51:45.633" level="INFO">${result} = PASS</msg>
<msg timestamp="20210907 15:51:45.633" level="INFO">${resultvalue} = 登录成功</msg>
<status status="PASS" starttime="20210907 15:51:45.632" endtime="20210907 15:51:45.633"></status>
</kw>
<kw name="Exit For Loop If" library="BuiltIn">
<doc>Stops executing the enclosing for loop if the ``condition`` is true.</doc>
<arguments>
<arg>'${resultvalue}'=='登录成功'</arg>
</arguments>
<msg timestamp="20210907 15:51:45.633" level="INFO">Exiting for loop altogether.</msg>
<status status="PASS" starttime="20210907 15:51:45.633" endtime="20210907 15:51:45.633"></status>
</kw>
<status status="PASS" starttime="20210907 15:51:39.685" endtime="20210907 15:51:45.633"></status>
</kw>
<status status="PASS" starttime="20210907 15:51:39.685" endtime="20210907 15:51:45.633"></status>
</kw>
<kw name="Sleep" library="BuiltIn">
<doc>Pauses the test executed for the given time.</doc>
<arguments>
<arg>5</arg>
</arguments>
<msg timestamp="20210907 15:51:50.634" level="INFO">Slept 5 seconds</msg>
<status status="PASS" starttime="20210907 15:51:45.633" endtime="20210907 15:51:50.634"></status>
</kw>
<kw name="Click Element" library="Selenium2Library">
<doc>Click the element identified by ``locator``.</doc>
<arguments>
<arg>xpath://*[@id="app"]/div/div[2]/div/div/div[2]/div[2]/div[3]/table/tbody/tr/td[2]/div</arg>
</arguments>
<msg timestamp="20210907 15:51:50.634" level="INFO">Clicking element 'xpath://*[@id="app"]/div/div[2]/div/div/div[2]/div[2]/div[3]/table/tbody/tr/td[2]/div'.</msg>
<kw name="Capture Page Screenshot" library="Selenium2Library">
<doc>Takes a screenshot of the current page and embeds it into a log file.</doc>
<msg timestamp="20210907 15:51:51.583" level="INFO" html="yes">&lt;/td&gt;&lt;/tr&gt;&lt;tr&gt;&lt;td colspan="3"&gt;&lt;a href="../picture/selenium-screenshot-6.png"&gt;&lt;img src="../picture/selenium-screenshot-6.png" width="800px"&gt;&lt;/a&gt;</msg>
<status status="PASS" starttime="20210907 15:51:50.642" endtime="20210907 15:51:51.583"></status>
</kw>
<msg timestamp="20210907 15:51:51.584" level="FAIL">Element with locator 'xpath://*[@id="app"]/div/div[2]/div/div/div[2]/div[2]/div[3]/table/tbody/tr/td[2]/div' not found.</msg>
<status status="FAIL" starttime="20210907 15:51:50.634" endtime="20210907 15:51:51.584"></status>
</kw>
<status status="FAIL" starttime="20210907 15:51:31.600" endtime="20210907 15:51:51.584"></status>
</kw>
<status status="FAIL" starttime="20210907 15:51:31.599" endtime="20210907 15:51:51.585" critical="yes">Element with locator 'xpath://*[@id="app"]/div/div[2]/div/div/div[2]/div[2]/div[3]/table/tbody/tr/td[2]/div' not found.</status>
</test>
<metadata>
<item name="author">L</item>
<item name="version">1.0</item>
</metadata>
<status status="FAIL" starttime="20210907 15:51:31.344" endtime="20210907 15:51:51.585"></status>
</suite>
<statistics>
<total>
<stat pass="0" fail="1">Critical Tests</stat>
<stat pass="0" fail="1">All Tests</stat>
</total>
<tag>
</tag>
<suite>
<stat pass="0" fail="1" id="s1" name="智慧网格">智慧网格</stat>
</suite>
</statistics>
<errors>
</errors>
</robot>
