<?xml version="1.0" encoding="UTF-8"?>
<robot generator="Robot 3.2.2 (Python 3.9.1 on win32)" generated="20210909 17:55:32.603" rpa="false">
<suite id="s1" name="智慧网格" source="D:\Program Files\JetBrains\PyCharm Community Edition 2020.2\rf-selenium\智慧网格.robot">
<test id="s1-t1" name="case01 [Documentation] 登录智慧网格系统">
<kw name="Login-getCode">
<kw name="Open Browser" library="Selenium2Library">
<doc>Opens a new browser instance to the optional ``url``.</doc>
<arguments>
<arg>http://sqwytst.wt.com:14352/</arg>
<arg>chrome</arg>
</arguments>
<msg timestamp="20210909 17:55:32.854" level="INFO">Opening browser 'chrome' to base url 'http://sqwytst.wt.com:14352/'.</msg>
<status status="PASS" starttime="20210909 17:55:32.854" endtime="20210909 17:55:35.381"></status>
</kw>
<kw name="Maximize Browser Window" library="Selenium2Library">
<doc>Maximizes current browser window.</doc>
<status status="PASS" starttime="20210909 17:55:35.381" endtime="20210909 17:55:35.494"></status>
</kw>
<kw name="Wait Until Element Is Enabled" library="Selenium2Library">
<doc>Waits until the element ``locator`` is enabled.</doc>
<arguments>
<arg>xpath://*[@id="app"]/div/div[1]/div/span</arg>
</arguments>
<status status="PASS" starttime="20210909 17:55:35.494" endtime="20210909 17:55:35.512"></status>
</kw>
<kw name="Click Element" library="Selenium2Library">
<doc>Click the element identified by ``locator``.</doc>
<arguments>
<arg>xpath://*[@id="app"]/div/div[1]/div/span</arg>
</arguments>
<msg timestamp="20210909 17:55:35.512" level="INFO">Clicking element 'xpath://*[@id="app"]/div/div[1]/div/span'.</msg>
<status status="PASS" starttime="20210909 17:55:35.512" endtime="20210909 17:55:35.627"></status>
</kw>
<kw name="Sleep" library="BuiltIn">
<doc>Pauses the test executed for the given time.</doc>
<arguments>
<arg>2</arg>
</arguments>
<msg timestamp="20210909 17:55:37.628" level="INFO">Slept 2 seconds</msg>
<status status="PASS" starttime="20210909 17:55:35.627" endtime="20210909 17:55:37.628"></status>
</kw>
<kw name="${index} IN RANGE [ 10 ]" type="for">
<kw name="${index} = 0" type="foritem">
<kw name="Input Text" library="Selenium2Library">
<doc>Types the given ``text`` into the text field identified by ``locator``.</doc>
<arguments>
<arg>name=username</arg>
<arg>13734206025</arg>
</arguments>
<msg timestamp="20210909 17:55:37.628" level="INFO">Typing text '13734206025' into text field 'name=username'.</msg>
<status status="PASS" starttime="20210909 17:55:37.628" endtime="20210909 17:55:37.721"></status>
</kw>
<kw name="Input Text" library="Selenium2Library">
<doc>Types the given ``text`` into the text field identified by ``locator``.</doc>
<arguments>
<arg>name=password</arg>
<arg>asdqwe123</arg>
</arguments>
<msg timestamp="20210909 17:55:37.721" level="INFO">Typing text 'asdqwe123' into text field 'name=password'.</msg>
<status status="PASS" starttime="20210909 17:55:37.721" endtime="20210909 17:55:37.792"></status>
</kw>
<kw name="Set Screenshot Directory" library="Selenium2Library">
<doc>Sets the directory for captured screenshots.</doc>
<arguments>
<arg>D:\\Program Files\\JetBrains\\PyCharm Community Edition 2020.2\\rf-selenium/picture</arg>
</arguments>
<status status="PASS" starttime="20210909 17:55:37.792" endtime="20210909 17:55:37.792"></status>
</kw>
<kw name="Capture Page Screenshot" library="Selenium2Library">
<doc>Takes a screenshot of the current page and embeds it into a log file.</doc>
<arguments>
<arg>D:\\Program Files\\JetBrains\\PyCharm Community Edition 2020.2\\rf-selenium/picture/1.png</arg>
</arguments>
<msg timestamp="20210909 17:55:37.945" level="INFO" html="yes">&lt;/td&gt;&lt;/tr&gt;&lt;tr&gt;&lt;td colspan="3"&gt;&lt;a href="../picture/1.png"&gt;&lt;img src="../picture/1.png" width="800px"&gt;&lt;/a&gt;</msg>
<status status="PASS" starttime="20210909 17:55:37.792" endtime="20210909 17:55:37.945"></status>
</kw>
<kw name="Get Code" library="getcodeLibrary">
<arguments>
<arg>D:\\Program Files\\JetBrains\\PyCharm Community Edition 2020.2\\rf-selenium\\picture\\</arg>
</arguments>
<assign>
<var>${code}</var>
</assign>
<msg timestamp="20210909 17:55:40.308" level="INFO">£0706</msg>
<msg timestamp="20210909 17:55:40.308" level="INFO">${code} = £0706</msg>
<status status="PASS" starttime="20210909 17:55:37.945" endtime="20210909 17:55:40.308"></status>
</kw>
<kw name="Input Text" library="Selenium2Library">
<doc>Types the given ``text`` into the text field identified by ``locator``.</doc>
<arguments>
<arg>name=imgCode</arg>
<arg>${code}</arg>
</arguments>
<msg timestamp="20210909 17:55:40.308" level="INFO">Typing text '£0706' into text field 'name=imgCode'.</msg>
<status status="PASS" starttime="20210909 17:55:40.308" endtime="20210909 17:55:40.370"></status>
</kw>
<kw name="Click Button" library="Selenium2Library">
<doc>Clicks the button identified by ``locator``.</doc>
<arguments>
<arg>id=login</arg>
</arguments>
<msg timestamp="20210909 17:55:40.370" level="INFO">Clicking button 'id=login'.</msg>
<status status="PASS" starttime="20210909 17:55:40.370" endtime="20210909 17:55:40.605"></status>
</kw>
<kw name="Sleep" library="BuiltIn">
<doc>Pauses the test executed for the given time.</doc>
<arguments>
<arg>2</arg>
</arguments>
<msg timestamp="20210909 17:55:42.607" level="INFO">Slept 2 seconds</msg>
<status status="PASS" starttime="20210909 17:55:40.606" endtime="20210909 17:55:42.607"></status>
</kw>
<kw name="Get Locations" library="Selenium2Library">
<doc>Returns and logs URLs of all windows of the selected browser.</doc>
<assign>
<var>${currentUrl}</var>
</assign>
<msg timestamp="20210909 17:55:42.622" level="INFO">Altogether 1 item.
1: http://sso.wt.com:3100/loginPage?error</msg>
<msg timestamp="20210909 17:55:42.622" level="INFO">${currentUrl} = ['http://sso.wt.com:3100/loginPage?error']</msg>
<status status="PASS" starttime="20210909 17:55:42.607" endtime="20210909 17:55:42.622"></status>
</kw>
<kw name="Get Window Titles" library="Selenium2Library">
<doc>Returns and logs titles of all windows of the selected browser.</doc>
<assign>
<var>${title}</var>
</assign>
<msg timestamp="20210909 17:55:42.633" level="INFO">Altogether 1 item.
1: 用户登录</msg>
<msg timestamp="20210909 17:55:42.633" level="INFO">${title} = ['用户登录']</msg>
<status status="PASS" starttime="20210909 17:55:42.622" endtime="20210909 17:55:42.633"></status>
</kw>
<kw name="Run Keyword And Ignore Error" library="BuiltIn">
<doc>Runs the given keyword with the given arguments and ignores possible error.</doc>
<arguments>
<arg>set variable if</arg>
<arg>'${currentUrl}[0]'=='http://sso.wt.com:3100/loginPage?error'</arg>
<arg>登录失败</arg>
<arg>${currentUrl}</arg>
<arg>登录成功</arg>
</arguments>
<assign>
<var>${result}</var>
<var>${resultvalue}</var>
</assign>
<kw name="Set Variable If" library="BuiltIn">
<doc>Sets variable based on the given condition.</doc>
<arguments>
<arg>'${currentUrl}[0]'=='http://sso.wt.com:3100/loginPage?error'</arg>
<arg>登录失败</arg>
<arg>${currentUrl}</arg>
<arg>登录成功</arg>
</arguments>
<status status="PASS" starttime="20210909 17:55:42.634" endtime="20210909 17:55:42.634"></status>
</kw>
<msg timestamp="20210909 17:55:42.634" level="INFO">${result} = PASS</msg>
<msg timestamp="20210909 17:55:42.634" level="INFO">${resultvalue} = 登录失败</msg>
<status status="PASS" starttime="20210909 17:55:42.633" endtime="20210909 17:55:42.634"></status>
</kw>
<kw name="Exit For Loop If" library="BuiltIn">
<doc>Stops executing the enclosing for loop if the ``condition`` is true.</doc>
<arguments>
<arg>'${resultvalue}'=='登录成功'</arg>
</arguments>
<status status="PASS" starttime="20210909 17:55:42.634" endtime="20210909 17:55:42.634"></status>
</kw>
<status status="PASS" starttime="20210909 17:55:37.628" endtime="20210909 17:55:42.634"></status>
</kw>
<kw name="${index} = 1" type="foritem">
<kw name="Input Text" library="Selenium2Library">
<doc>Types the given ``text`` into the text field identified by ``locator``.</doc>
<arguments>
<arg>name=username</arg>
<arg>13734206025</arg>
</arguments>
<msg timestamp="20210909 17:55:42.635" level="INFO">Typing text '13734206025' into text field 'name=username'.</msg>
<status status="PASS" starttime="20210909 17:55:42.635" endtime="20210909 17:55:42.704"></status>
</kw>
<kw name="Input Text" library="Selenium2Library">
<doc>Types the given ``text`` into the text field identified by ``locator``.</doc>
<arguments>
<arg>name=password</arg>
<arg>asdqwe123</arg>
</arguments>
<msg timestamp="20210909 17:55:42.704" level="INFO">Typing text 'asdqwe123' into text field 'name=password'.</msg>
<status status="PASS" starttime="20210909 17:55:42.704" endtime="20210909 17:55:42.768"></status>
</kw>
<kw name="Set Screenshot Directory" library="Selenium2Library">
<doc>Sets the directory for captured screenshots.</doc>
<arguments>
<arg>D:\\Program Files\\JetBrains\\PyCharm Community Edition 2020.2\\rf-selenium/picture</arg>
</arguments>
<status status="PASS" starttime="20210909 17:55:42.768" endtime="20210909 17:55:42.769"></status>
</kw>
<kw name="Capture Page Screenshot" library="Selenium2Library">
<doc>Takes a screenshot of the current page and embeds it into a log file.</doc>
<arguments>
<arg>D:\\Program Files\\JetBrains\\PyCharm Community Edition 2020.2\\rf-selenium/picture/1.png</arg>
</arguments>
<msg timestamp="20210909 17:55:42.926" level="INFO" html="yes">&lt;/td&gt;&lt;/tr&gt;&lt;tr&gt;&lt;td colspan="3"&gt;&lt;a href="../picture/1.png"&gt;&lt;img src="../picture/1.png" width="800px"&gt;&lt;/a&gt;</msg>
<status status="PASS" starttime="20210909 17:55:42.769" endtime="20210909 17:55:42.926"></status>
</kw>
<kw name="Get Code" library="getcodeLibrary">
<arguments>
<arg>D:\\Program Files\\JetBrains\\PyCharm Community Edition 2020.2\\rf-selenium\\picture\\</arg>
</arguments>
<assign>
<var>${code}</var>
</assign>
<msg timestamp="20210909 17:55:45.301" level="INFO">3129</msg>
<msg timestamp="20210909 17:55:45.301" level="INFO">${code} = 3129</msg>
<status status="PASS" starttime="20210909 17:55:42.926" endtime="20210909 17:55:45.301"></status>
</kw>
<kw name="Input Text" library="Selenium2Library">
<doc>Types the given ``text`` into the text field identified by ``locator``.</doc>
<arguments>
<arg>name=imgCode</arg>
<arg>${code}</arg>
</arguments>
<msg timestamp="20210909 17:55:45.302" level="INFO">Typing text '3129' into text field 'name=imgCode'.</msg>
<status status="PASS" starttime="20210909 17:55:45.301" endtime="20210909 17:55:45.361"></status>
</kw>
<kw name="Click Button" library="Selenium2Library">
<doc>Clicks the button identified by ``locator``.</doc>
<arguments>
<arg>id=login</arg>
</arguments>
<msg timestamp="20210909 17:55:45.362" level="INFO">Clicking button 'id=login'.</msg>
<status status="PASS" starttime="20210909 17:55:45.361" endtime="20210909 17:55:46.837"></status>
</kw>
<kw name="Sleep" library="BuiltIn">
<doc>Pauses the test executed for the given time.</doc>
<arguments>
<arg>2</arg>
</arguments>
<msg timestamp="20210909 17:55:48.838" level="INFO">Slept 2 seconds</msg>
<status status="PASS" starttime="20210909 17:55:46.837" endtime="20210909 17:55:48.838"></status>
</kw>
<kw name="Get Locations" library="Selenium2Library">
<doc>Returns and logs URLs of all windows of the selected browser.</doc>
<assign>
<var>${currentUrl}</var>
</assign>
<msg timestamp="20210909 17:55:48.852" level="INFO">Altogether 1 item.
1: http://sqwytst.wt.com:14352/?code=qa2mpv</msg>
<msg timestamp="20210909 17:55:48.853" level="INFO">${currentUrl} = ['http://sqwytst.wt.com:14352/?code=qa2mpv']</msg>
<status status="PASS" starttime="20210909 17:55:48.838" endtime="20210909 17:55:48.853"></status>
</kw>
<kw name="Get Window Titles" library="Selenium2Library">
<doc>Returns and logs titles of all windows of the selected browser.</doc>
<assign>
<var>${title}</var>
</assign>
<msg timestamp="20210909 17:55:48.863" level="INFO">Altogether 1 item.
1: 智慧网格综合管理平台</msg>
<msg timestamp="20210909 17:55:48.863" level="INFO">${title} = ['智慧网格综合管理平台']</msg>
<status status="PASS" starttime="20210909 17:55:48.853" endtime="20210909 17:55:48.863"></status>
</kw>
<kw name="Run Keyword And Ignore Error" library="BuiltIn">
<doc>Runs the given keyword with the given arguments and ignores possible error.</doc>
<arguments>
<arg>set variable if</arg>
<arg>'${currentUrl}[0]'=='http://sso.wt.com:3100/loginPage?error'</arg>
<arg>登录失败</arg>
<arg>${currentUrl}</arg>
<arg>登录成功</arg>
</arguments>
<assign>
<var>${result}</var>
<var>${resultvalue}</var>
</assign>
<kw name="Set Variable If" library="BuiltIn">
<doc>Sets variable based on the given condition.</doc>
<arguments>
<arg>'${currentUrl}[0]'=='http://sso.wt.com:3100/loginPage?error'</arg>
<arg>登录失败</arg>
<arg>${currentUrl}</arg>
<arg>登录成功</arg>
</arguments>
<kw name="Set Variable If" library="BuiltIn">
<doc>Sets variable based on the given condition.</doc>
<arguments>
<arg>${currentUrl}</arg>
<arg>登录成功</arg>
</arguments>
<status status="PASS" starttime="20210909 17:55:48.864" endtime="20210909 17:55:48.864"></status>
</kw>
<status status="PASS" starttime="20210909 17:55:48.863" endtime="20210909 17:55:48.864"></status>
</kw>
<msg timestamp="20210909 17:55:48.864" level="INFO">${result} = PASS</msg>
<msg timestamp="20210909 17:55:48.864" level="INFO">${resultvalue} = 登录成功</msg>
<status status="PASS" starttime="20210909 17:55:48.863" endtime="20210909 17:55:48.864"></status>
</kw>
<kw name="Exit For Loop If" library="BuiltIn">
<doc>Stops executing the enclosing for loop if the ``condition`` is true.</doc>
<arguments>
<arg>'${resultvalue}'=='登录成功'</arg>
</arguments>
<msg timestamp="20210909 17:55:48.864" level="INFO">Exiting for loop altogether.</msg>
<status status="PASS" starttime="20210909 17:55:48.864" endtime="20210909 17:55:48.864"></status>
</kw>
<status status="PASS" starttime="20210909 17:55:42.634" endtime="20210909 17:55:48.864"></status>
</kw>
<status status="PASS" starttime="20210909 17:55:37.628" endtime="20210909 17:55:48.864"></status>
</kw>
<kw name="Sleep" library="BuiltIn">
<doc>Pauses the test executed for the given time.</doc>
<arguments>
<arg>5</arg>
</arguments>
<msg timestamp="20210909 17:55:53.865" level="INFO">Slept 5 seconds</msg>
<status status="PASS" starttime="20210909 17:55:48.864" endtime="20210909 17:55:53.865"></status>
</kw>
<kw name="Click Element" library="Selenium2Library">
<doc>Click the element identified by ``locator``.</doc>
<arguments>
<arg>xpath://*[@id="app"]/div/div[2]/div/div/div[2]/div[2]/div[3]/table/tbody/tr/td[2]/div</arg>
</arguments>
<msg timestamp="20210909 17:55:53.865" level="INFO">Clicking element 'xpath://*[@id="app"]/div/div[2]/div/div/div[2]/div[2]/div[3]/table/tbody/tr/td[2]/div'.</msg>
<status status="PASS" starttime="20210909 17:55:53.865" endtime="20210909 17:55:53.899"></status>
</kw>
<kw name="Click Element" library="Selenium2Library">
<doc>Click the element identified by ``locator``.</doc>
<arguments>
<arg>xpath:/html/body/div[1]/div/div[2]/div/div/div[3]/div/button[2]/span</arg>
</arguments>
<msg timestamp="20210909 17:55:53.900" level="INFO">Clicking element 'xpath:/html/body/div[1]/div/div[2]/div/div/div[3]/div/button[2]/span'.</msg>
<status status="PASS" starttime="20210909 17:55:53.899" endtime="20210909 17:55:53.937"></status>
</kw>
<kw name="Sleep" library="BuiltIn">
<doc>Pauses the test executed for the given time.</doc>
<arguments>
<arg>5</arg>
</arguments>
<msg timestamp="20210909 17:55:58.939" level="INFO">Slept 5 seconds</msg>
<status status="PASS" starttime="20210909 17:55:53.937" endtime="20210909 17:55:58.939"></status>
</kw>
<kw name="Click Element" library="Selenium2Library">
<doc>Click the element identified by ``locator``.</doc>
<arguments>
<arg>xpath://*[@id="app"]/div/div[1]/div/div[1]/div/ul/div[4]/a/li/div</arg>
</arguments>
<msg timestamp="20210909 17:55:58.939" level="INFO">Clicking element 'xpath://*[@id="app"]/div/div[1]/div/div[1]/div/ul/div[4]/a/li/div'.</msg>
<status status="PASS" starttime="20210909 17:55:58.939" endtime="20210909 17:55:59.135"></status>
</kw>
<kw name="Sleep" library="BuiltIn">
<doc>Pauses the test executed for the given time.</doc>
<arguments>
<arg>5</arg>
</arguments>
<msg timestamp="20210909 17:56:04.136" level="INFO">Slept 5 seconds</msg>
<status status="PASS" starttime="20210909 17:55:59.135" endtime="20210909 17:56:04.136"></status>
</kw>
<kw name="Click Element" library="Selenium2Library">
<doc>Click the element identified by ``locator``.</doc>
<arguments>
<arg>xpath://*[@id="appMain"]/div/div[1]/div[1]/button/span</arg>
</arguments>
<msg timestamp="20210909 17:56:04.136" level="INFO">Clicking element 'xpath://*[@id="appMain"]/div/div[1]/div[1]/button/span'.</msg>
<status status="PASS" starttime="20210909 17:56:04.136" endtime="20210909 17:56:04.187"></status>
</kw>
<kw name="Sleep" library="BuiltIn">
<doc>Pauses the test executed for the given time.</doc>
<arguments>
<arg>5</arg>
</arguments>
<msg timestamp="20210909 17:56:09.189" level="INFO">Slept 5 seconds</msg>
<status status="PASS" starttime="20210909 17:56:04.187" endtime="20210909 17:56:09.189"></status>
</kw>
<kw name="Input Text" library="Selenium2Library">
<doc>Types the given ``text`` into the text field identified by ``locator``.</doc>
<arguments>
<arg>xpath://*[@id="appMain"]/div/div[2]/div/div/div[2]/form/div[1]/div/div[1]/input</arg>
<arg>检查</arg>
</arguments>
<msg timestamp="20210909 17:56:09.189" level="INFO">Typing text '检查' into text field 'xpath://*[@id="appMain"]/div/div[2]/div/div/div[2]/form/div[1]/div/div[1]/input'.</msg>
<status status="PASS" starttime="20210909 17:56:09.189" endtime="20210909 17:56:09.256"></status>
</kw>
<kw name="Select Frame" library="Selenium2Library">
<doc>Sets frame identified by ``locator`` as the current frame.</doc>
<arguments>
<arg>xpath:/html/body/div[1]/div/div[2]/section/div/div[2]/div/div/div[2]/form/div[2]/div/div/div/div/div[2]/iframe</arg>
</arguments>
<msg timestamp="20210909 17:56:09.256" level="INFO">Selecting frame 'xpath:/html/body/div[1]/div/div[2]/section/div/div[2]/div/div/div[2]/form/div[2]/div/div/div/div/div[2]/iframe'.</msg>
<status status="PASS" starttime="20210909 17:56:09.256" endtime="20210909 17:56:09.280"></status>
</kw>
<kw name="Input Text" library="Selenium2Library">
<doc>Types the given ``text`` into the text field identified by ``locator``.</doc>
<arguments>
<arg>xpath://body</arg>
<arg>测试</arg>
</arguments>
<msg timestamp="20210909 17:56:09.280" level="INFO">Typing text '测试' into text field 'xpath://body'.</msg>
<status status="PASS" starttime="20210909 17:56:09.280" endtime="20210909 17:56:09.402"></status>
</kw>
<kw name="Unselect Frame" library="Selenium2Library">
<doc>Sets the main frame as the current frame.</doc>
<status status="PASS" starttime="20210909 17:56:09.402" endtime="20210909 17:56:09.404"></status>
</kw>
<kw name="Sleep" library="BuiltIn">
<doc>Pauses the test executed for the given time.</doc>
<arguments>
<arg>2</arg>
</arguments>
<msg timestamp="20210909 17:56:11.406" level="INFO">Slept 2 seconds</msg>
<status status="PASS" starttime="20210909 17:56:09.404" endtime="20210909 17:56:11.406"></status>
</kw>
<kw name="Click Button" library="Selenium2Library">
<doc>Clicks the button identified by ``locator``.</doc>
<arguments>
<arg>xpath:/html/body/div[1]/div/div[2]/section/div/div[2]/div/div/div[3]/div/button[2]</arg>
</arguments>
<msg timestamp="20210909 17:56:11.406" level="INFO">Clicking button 'xpath:/html/body/div[1]/div/div[2]/section/div/div[2]/div/div/div[3]/div/button[2]'.</msg>
<status status="PASS" starttime="20210909 17:56:11.406" endtime="20210909 17:56:11.461"></status>
</kw>
<kw name="Input Text" library="Selenium2Library">
<doc>Types the given ``text`` into the text field identified by ``locator``.</doc>
<arguments>
<arg>xpath://*[@id="appMain"]/div/div[1]/div[2]/div/form/div[1]/div/div/input</arg>
<arg>检查</arg>
</arguments>
<msg timestamp="20210909 17:56:11.461" level="INFO">Typing text '检查' into text field 'xpath://*[@id="appMain"]/div/div[1]/div[2]/div/form/div[1]/div/div/input'.</msg>
<status status="PASS" starttime="20210909 17:56:11.461" endtime="20210909 17:56:11.532"></status>
</kw>
<kw name="Click Element" library="Selenium2Library">
<doc>Click the element identified by ``locator``.</doc>
<arguments>
<arg>xpath://*[@id="appMain"]/div/div[1]/div[2]/div/form/div[2]/div/button[1]/span</arg>
</arguments>
<msg timestamp="20210909 17:56:11.533" level="INFO">Clicking element 'xpath://*[@id="appMain"]/div/div[1]/div[2]/div/form/div[2]/div/button[1]/span'.</msg>
<status status="PASS" starttime="20210909 17:56:11.532" endtime="20210909 17:56:11.896"></status>
</kw>
<kw name="Click Element" library="Selenium2Library">
<doc>Click the element identified by ``locator``.</doc>
<arguments>
<arg>xpath://*[@id="appMain"]/div/div[1]/div[3]/div[3]/table/tbody/tr[1]/td[4]/div/button/span</arg>
</arguments>
<msg timestamp="20210909 17:56:11.897" level="INFO">Clicking element 'xpath://*[@id="appMain"]/div/div[1]/div[3]/div[3]/table/tbody/tr[1]/td[4]/div/button/span'.</msg>
<status status="PASS" starttime="20210909 17:56:11.896" endtime="20210909 17:56:12.088"></status>
</kw>
<kw name="Run Keyword And Continue On Failure" library="BuiltIn">
<doc>Runs the keyword and continues execution even if a failure occurs.</doc>
<arguments>
<arg>page_should_contain</arg>
<arg>公告标题：检查</arg>
</arguments>
<kw name="Page Should Contain" library="Selenium2Library">
<doc>Verifies that current page contains ``text``.</doc>
<arguments>
<arg>公告标题：检查</arg>
</arguments>
<msg timestamp="20210909 17:56:12.138" level="INFO">Current page contains text '公告标题：检查'.</msg>
<status status="PASS" starttime="20210909 17:56:12.088" endtime="20210909 17:56:12.138"></status>
</kw>
<status status="PASS" starttime="20210909 17:56:12.088" endtime="20210909 17:56:12.138"></status>
</kw>
<kw name="Click Element" library="Selenium2Library">
<doc>Click the element identified by ``locator``.</doc>
<arguments>
<arg>xpath://*[@id="appMain"]/div/div[5]/div/div/div/div[2]/div[2]/div[1]/div/form/div[2]/div/div/div[1]/input</arg>
</arguments>
<msg timestamp="20210909 17:56:12.138" level="INFO">Clicking element 'xpath://*[@id="appMain"]/div/div[5]/div/div/div/div[2]/div[2]/div[1]/div/form/div[2]/div/div/div[1]/input'.</msg>
<status status="PASS" starttime="20210909 17:56:12.138" endtime="20210909 17:56:12.189"></status>
</kw>
<kw name="Sleep" library="BuiltIn">
<doc>Pauses the test executed for the given time.</doc>
<arguments>
<arg>5</arg>
</arguments>
<msg timestamp="20210909 17:56:17.191" level="INFO">Slept 5 seconds</msg>
<status status="PASS" starttime="20210909 17:56:12.189" endtime="20210909 17:56:17.191"></status>
</kw>
<kw name="Click Element" library="Selenium2Library">
<doc>Click the element identified by ``locator``.</doc>
<arguments>
<arg>xpath:/html/body/div[4]/div[1]/div/div[1]/ul/li/span</arg>
</arguments>
<msg timestamp="20210909 17:56:17.191" level="INFO">Clicking element 'xpath:/html/body/div[4]/div[1]/div/div[1]/ul/li/span'.</msg>
<status status="PASS" starttime="20210909 17:56:17.191" endtime="20210909 17:56:17.245"></status>
</kw>
<kw name="Sleep" library="BuiltIn">
<doc>Pauses the test executed for the given time.</doc>
<arguments>
<arg>2</arg>
</arguments>
<msg timestamp="20210909 17:56:19.248" level="INFO">Slept 2 seconds</msg>
<status status="PASS" starttime="20210909 17:56:17.245" endtime="20210909 17:56:19.248"></status>
</kw>
<kw name="Click Element" library="Selenium2Library">
<doc>Click the element identified by ``locator``.</doc>
<arguments>
<arg>xpath:/html/body/div[4]/div[1]/div[2]/div[1]/ul/li[1]/span</arg>
</arguments>
<msg timestamp="20210909 17:56:19.248" level="INFO">Clicking element 'xpath:/html/body/div[4]/div[1]/div[2]/div[1]/ul/li[1]/span'.</msg>
<status status="PASS" starttime="20210909 17:56:19.248" endtime="20210909 17:56:19.303"></status>
</kw>
<kw name="Sleep" library="BuiltIn">
<doc>Pauses the test executed for the given time.</doc>
<arguments>
<arg>2</arg>
</arguments>
<msg timestamp="20210909 17:56:21.305" level="INFO">Slept 2 seconds</msg>
<status status="PASS" starttime="20210909 17:56:19.304" endtime="20210909 17:56:21.305"></status>
</kw>
<kw name="Click Element" library="Selenium2Library">
<doc>Click the element identified by ``locator``.</doc>
<arguments>
<arg>xpath:/html/body/div[4]/div[1]/div[3]/div[1]/ul/li[1]/span</arg>
</arguments>
<msg timestamp="20210909 17:56:21.305" level="INFO">Clicking element 'xpath:/html/body/div[4]/div[1]/div[3]/div[1]/ul/li[1]/span'.</msg>
<status status="PASS" starttime="20210909 17:56:21.305" endtime="20210909 17:56:21.365"></status>
</kw>
<kw name="Sleep" library="BuiltIn">
<doc>Pauses the test executed for the given time.</doc>
<arguments>
<arg>2</arg>
</arguments>
<msg timestamp="20210909 17:56:23.366" level="INFO">Slept 2 seconds</msg>
<status status="PASS" starttime="20210909 17:56:21.365" endtime="20210909 17:56:23.366"></status>
</kw>
<kw name="Click Element" library="Selenium2Library">
<doc>Click the element identified by ``locator``.</doc>
<arguments>
<arg>xpath:/html/body/div[4]/div[1]/div[4]/div[1]/ul/li[1]/label/span[1]/span</arg>
</arguments>
<msg timestamp="20210909 17:56:23.366" level="INFO">Clicking element 'xpath:/html/body/div[4]/div[1]/div[4]/div[1]/ul/li[1]/label/span[1]/span'.</msg>
<status status="PASS" starttime="20210909 17:56:23.366" endtime="20210909 17:56:23.431"></status>
</kw>
<kw name="Sleep" library="BuiltIn">
<doc>Pauses the test executed for the given time.</doc>
<arguments>
<arg>2</arg>
</arguments>
<msg timestamp="20210909 17:56:25.433" level="INFO">Slept 2 seconds</msg>
<status status="PASS" starttime="20210909 17:56:23.432" endtime="20210909 17:56:25.433"></status>
</kw>
<kw name="Click Element" library="Selenium2Library">
<doc>Click the element identified by ``locator``.</doc>
<arguments>
<arg>xpath://*[@id="appMain"]/div/div[5]/div/div/div/div[2]/div[2]/div[1]/div/form/div[3]/div/button[1]</arg>
</arguments>
<msg timestamp="20210909 17:56:25.434" level="INFO">Clicking element 'xpath://*[@id="appMain"]/div/div[5]/div/div/div/div[2]/div[2]/div[1]/div/form/div[3]/div/button[1]'.</msg>
<status status="PASS" starttime="20210909 17:56:25.434" endtime="20210909 17:56:25.486"></status>
</kw>
<kw name="Sleep" library="BuiltIn">
<doc>Pauses the test executed for the given time.</doc>
<arguments>
<arg>2</arg>
</arguments>
<msg timestamp="20210909 17:56:27.489" level="INFO">Slept 2 seconds</msg>
<status status="PASS" starttime="20210909 17:56:25.487" endtime="20210909 17:56:27.489"></status>
</kw>
<kw name="Run Keyword And Continue On Failure" library="BuiltIn">
<doc>Runs the keyword and continues execution even if a failure occurs.</doc>
<arguments>
<arg>page_should_contain</arg>
<arg>平城区_开源街道_民悦社区_民悦社区第一网格</arg>
</arguments>
<kw name="Page Should Contain" library="Selenium2Library">
<doc>Verifies that current page contains ``text``.</doc>
<arguments>
<arg>平城区_开源街道_民悦社区_民悦社区第一网格</arg>
</arguments>
<msg timestamp="20210909 17:56:27.517" level="INFO">Current page contains text '平城区_开源街道_民悦社区_民悦社区第一网格'.</msg>
<status status="PASS" starttime="20210909 17:56:27.489" endtime="20210909 17:56:27.517"></status>
</kw>
<status status="PASS" starttime="20210909 17:56:27.489" endtime="20210909 17:56:27.517"></status>
</kw>
<kw name="Click Element" library="Selenium2Library">
<doc>Click the element identified by ``locator``.</doc>
<arguments>
<arg>xpath://*[@id="appMain"]/div/div[5]/div/div/div/div[2]/div[2]/div[1]/div/form/div[3]/div/button[2]/span</arg>
</arguments>
<msg timestamp="20210909 17:56:27.517" level="INFO">Clicking element 'xpath://*[@id="appMain"]/div/div[5]/div/div/div/div[2]/div[2]/div[1]/div/form/div[3]/div/button[2]/span'.</msg>
<status status="PASS" starttime="20210909 17:56:27.517" endtime="20210909 17:56:27.568"></status>
</kw>
<kw name="Click Element" library="Selenium2Library">
<doc>Click the element identified by ``locator``.</doc>
<arguments>
<arg>xpath://*[@id="appMain"]/div/div[5]/div/div/div/div[3]/div/button/span</arg>
</arguments>
<msg timestamp="20210909 17:56:27.568" level="INFO">Clicking element 'xpath://*[@id="appMain"]/div/div[5]/div/div/div/div[3]/div/button/span'.</msg>
<status status="PASS" starttime="20210909 17:56:27.568" endtime="20210909 17:56:27.625"></status>
</kw>
<kw name="Click Element" library="Selenium2Library">
<doc>Click the element identified by ``locator``.</doc>
<arguments>
<arg>xpath://*[@id="appMain"]/div/div[1]/div[3]/div[4]/div[2]/table/tbody/tr[1]/td[5]/div/button[1]</arg>
</arguments>
<msg timestamp="20210909 17:56:27.625" level="INFO">Clicking element 'xpath://*[@id="appMain"]/div/div[1]/div[3]/div[4]/div[2]/table/tbody/tr[1]/td[5]/div/button[1]'.</msg>
<status status="PASS" starttime="20210909 17:56:27.625" endtime="20210909 17:56:27.894"></status>
</kw>
<kw name="Select Frame" library="Selenium2Library">
<doc>Sets frame identified by ``locator`` as the current frame.</doc>
<arguments>
<arg>xpath:/html/body/div[1]/div/div[2]/section/div/div[3]/div/div/div[2]/form/div[2]/div/div/div/div/div[2]/iframe</arg>
</arguments>
<msg timestamp="20210909 17:56:27.895" level="INFO">Selecting frame 'xpath:/html/body/div[1]/div/div[2]/section/div/div[3]/div/div/div[2]/form/div[2]/div/div/div/div/div[2]/iframe'.</msg>
<status status="PASS" starttime="20210909 17:56:27.895" endtime="20210909 17:56:27.954"></status>
</kw>
<kw name="Input Text" library="Selenium2Library">
<doc>Types the given ``text`` into the text field identified by ``locator``.</doc>
<arguments>
<arg>xpath://body</arg>
<arg>修改内容</arg>
</arguments>
<msg timestamp="20210909 17:56:27.954" level="INFO">Typing text '修改内容' into text field 'xpath://body'.</msg>
<status status="PASS" starttime="20210909 17:56:27.954" endtime="20210909 17:56:28.024"></status>
</kw>
<kw name="Unselect Frame" library="Selenium2Library">
<doc>Sets the main frame as the current frame.</doc>
<status status="PASS" starttime="20210909 17:56:28.024" endtime="20210909 17:56:28.025"></status>
</kw>
<kw name="Sleep" library="BuiltIn">
<doc>Pauses the test executed for the given time.</doc>
<arguments>
<arg>2</arg>
</arguments>
<msg timestamp="20210909 17:56:30.027" level="INFO">Slept 2 seconds</msg>
<status status="PASS" starttime="20210909 17:56:28.025" endtime="20210909 17:56:30.027"></status>
</kw>
<kw name="Click Button" library="Selenium2Library">
<doc>Clicks the button identified by ``locator``.</doc>
<arguments>
<arg>xpath:/html/body/div[1]/div/div[2]/section/div/div[3]/div/div/div[3]/div/button[2]</arg>
</arguments>
<msg timestamp="20210909 17:56:30.027" level="INFO">Clicking button 'xpath:/html/body/div[1]/div/div[2]/section/div/div[3]/div/div/div[3]/div/button[2]'.</msg>
<status status="PASS" starttime="20210909 17:56:30.027" endtime="20210909 17:56:30.128"></status>
</kw>
<kw name="Click Element" library="Selenium2Library">
<doc>Click the element identified by ``locator``.</doc>
<arguments>
<arg>xpath://*[@id="appMain"]/div/div[1]/div[3]/div[4]/div[2]/table/tbody/tr[1]/td[5]/div/button[3]</arg>
</arguments>
<msg timestamp="20210909 17:56:30.128" level="INFO">Clicking element 'xpath://*[@id="appMain"]/div/div[1]/div[3]/div[4]/div[2]/table/tbody/tr[1]/td[5]/div/button[3]'.</msg>
<status status="PASS" starttime="20210909 17:56:30.128" endtime="20210909 17:56:30.733"></status>
</kw>
<kw name="Run Keyword And Continue On Failure" library="BuiltIn">
<doc>Runs the keyword and continues execution even if a failure occurs.</doc>
<arguments>
<arg>page_should_contain</arg>
<arg>修改内容</arg>
</arguments>
<kw name="Page Should Contain" library="Selenium2Library">
<doc>Verifies that current page contains ``text``.</doc>
<arguments>
<arg>修改内容</arg>
</arguments>
<msg timestamp="20210909 17:56:30.858" level="INFO">Current page contains text '修改内容'.</msg>
<status status="PASS" starttime="20210909 17:56:30.733" endtime="20210909 17:56:30.858"></status>
</kw>
<status status="PASS" starttime="20210909 17:56:30.733" endtime="20210909 17:56:30.859"></status>
</kw>
<kw name="Click Element" library="Selenium2Library">
<doc>Click the element identified by ``locator``.</doc>
<arguments>
<arg>xpath:/html/body/div[1]/div/div[2]/section/div/div[4]/div/div/div[3]/div/button</arg>
</arguments>
<msg timestamp="20210909 17:56:30.859" level="INFO">Clicking element 'xpath:/html/body/div[1]/div/div[2]/section/div/div[4]/div/div/div[3]/div/button'.</msg>
<status status="PASS" starttime="20210909 17:56:30.859" endtime="20210909 17:56:30.898"></status>
</kw>
<kw name="Click Element" library="Selenium2Library">
<doc>Click the element identified by ``locator``.</doc>
<arguments>
<arg>xpath://*[@id="appMain"]/div/div[1]/div[3]/div[4]/div[2]/table/tbody/tr[1]/td[5]/div/button[2]</arg>
</arguments>
<msg timestamp="20210909 17:56:30.898" level="INFO">Clicking element 'xpath://*[@id="appMain"]/div/div[1]/div[3]/div[4]/div[2]/table/tbody/tr[1]/td[5]/div/button[2]'.</msg>
<status status="PASS" starttime="20210909 17:56:30.898" endtime="20210909 17:56:31.161"></status>
</kw>
<kw name="Click Element" library="Selenium2Library">
<doc>Click the element identified by ``locator``.</doc>
<arguments>
<arg>xpath:/html/body/div[4]/div/div[3]/button[2]</arg>
</arguments>
<msg timestamp="20210909 17:56:31.161" level="INFO">Clicking element 'xpath:/html/body/div[4]/div/div[3]/button[2]'.</msg>
<status status="PASS" starttime="20210909 17:56:31.161" endtime="20210909 17:56:31.212"></status>
</kw>
<status status="PASS" starttime="20210909 17:55:32.853" endtime="20210909 17:56:31.212"></status>
</kw>
<status status="PASS" starttime="20210909 17:55:32.852" endtime="20210909 17:56:31.212" critical="yes"></status>
</test>
<metadata>
<item name="author">L</item>
<item name="version">1.0</item>
</metadata>
<status status="PASS" starttime="20210909 17:55:32.604" endtime="20210909 17:56:31.212"></status>
</suite>
<statistics>
<total>
<stat pass="1" fail="0">Critical Tests</stat>
<stat pass="1" fail="0">All Tests</stat>
</total>
<tag>
</tag>
<suite>
<stat pass="1" fail="0" id="s1" name="智慧网格">智慧网格</stat>
</suite>
</statistics>
<errors>
</errors>
</robot>
