<?xml version="1.0" encoding="UTF-8"?>
<robot generator="Robot 3.2.2 (Python 3.9.1 on win32)" generated="20210903 15:45:49.376" rpa="false">
<suite id="s1" name="Test Login" source="D:\Program Files\JetBrains\PyCharm Community Edition 2020.2\rf-selenium\test_login.robot">
<test id="s1-t1" name="case01 [Documentation] 登录智慧网格系统">
<kw name="Login-getCode">
<kw name="Open Browser" library="Selenium2Library">
<doc>Opens a new browser instance to the optional ``url``.</doc>
<arguments>
<arg>http://sqwytst.wt.com:14352/</arg>
<arg>chrome</arg>
</arguments>
<msg timestamp="20210903 15:45:49.657" level="INFO">Opening browser 'chrome' to base url 'http://sqwytst.wt.com:14352/'.</msg>
<status status="PASS" starttime="20210903 15:45:49.657" endtime="20210903 15:45:52.333"></status>
</kw>
<kw name="Maximize Browser Window" library="Selenium2Library">
<doc>Maximizes current browser window.</doc>
<status status="PASS" starttime="20210903 15:45:52.333" endtime="20210903 15:45:52.470"></status>
</kw>
<kw name="Wait Until Element Is Enabled" library="Selenium2Library">
<doc>Waits until the element ``locator`` is enabled.</doc>
<arguments>
<arg>xpath://*[@id="app"]/div/div[1]/div/span</arg>
</arguments>
<status status="PASS" starttime="20210903 15:45:52.470" endtime="20210903 15:45:52.491"></status>
</kw>
<kw name="Click Element" library="Selenium2Library">
<doc>Click the element identified by ``locator``.</doc>
<arguments>
<arg>xpath://*[@id="app"]/div/div[1]/div/span</arg>
</arguments>
<msg timestamp="20210903 15:45:52.492" level="INFO">Clicking element 'xpath://*[@id="app"]/div/div[1]/div/span'.</msg>
<status status="PASS" starttime="20210903 15:45:52.491" endtime="20210903 15:45:52.608"></status>
</kw>
<kw name="Sleep" library="BuiltIn">
<doc>Pauses the test executed for the given time.</doc>
<arguments>
<arg>2</arg>
</arguments>
<msg timestamp="20210903 15:45:54.609" level="INFO">Slept 2 seconds</msg>
<status status="PASS" starttime="20210903 15:45:52.608" endtime="20210903 15:45:54.609"></status>
</kw>
<kw name="${index} IN RANGE [ 10 ]" type="for">
<kw name="${index} = 0" type="foritem">
<kw name="Input Text" library="Selenium2Library">
<doc>Types the given ``text`` into the text field identified by ``locator``.</doc>
<arguments>
<arg>name=username</arg>
<arg>13734206025</arg>
</arguments>
<msg timestamp="20210903 15:45:54.609" level="INFO">Typing text '13734206025' into text field 'name=username'.</msg>
<status status="PASS" starttime="20210903 15:45:54.609" endtime="20210903 15:45:54.702"></status>
</kw>
<kw name="Input Text" library="Selenium2Library">
<doc>Types the given ``text`` into the text field identified by ``locator``.</doc>
<arguments>
<arg>name=password</arg>
<arg>asdqwe123</arg>
</arguments>
<msg timestamp="20210903 15:45:54.703" level="INFO">Typing text 'asdqwe123' into text field 'name=password'.</msg>
<status status="PASS" starttime="20210903 15:45:54.702" endtime="20210903 15:45:54.779"></status>
</kw>
<kw name="Set Screenshot Directory" library="Selenium2Library">
<doc>Sets the directory for captured screenshots.</doc>
<arguments>
<arg>D:\\Program Files\\JetBrains\\PyCharm Community Edition 2020.2\\rf-selenium/picture</arg>
</arguments>
<status status="PASS" starttime="20210903 15:45:54.779" endtime="20210903 15:45:54.779"></status>
</kw>
<kw name="Capture Page Screenshot" library="Selenium2Library">
<doc>Takes a screenshot of the current page and embeds it into a log file.</doc>
<arguments>
<arg>D:\\Program Files\\JetBrains\\PyCharm Community Edition 2020.2\\rf-selenium/picture/1.png</arg>
</arguments>
<msg timestamp="20210903 15:45:54.936" level="INFO" html="yes">&lt;/td&gt;&lt;/tr&gt;&lt;tr&gt;&lt;td colspan="3"&gt;&lt;a href="../picture/1.png"&gt;&lt;img src="../picture/1.png" width="800px"&gt;&lt;/a&gt;</msg>
<status status="PASS" starttime="20210903 15:45:54.779" endtime="20210903 15:45:54.936"></status>
</kw>
<kw name="Get Code" library="getcodeLibrary">
<arguments>
<arg>D:\\Program Files\\JetBrains\\PyCharm Community Edition 2020.2\\rf-selenium\\picture\\</arg>
</arguments>
<assign>
<var>${code}</var>
</assign>
<msg timestamp="20210903 15:45:57.346" level="INFO">O2 99</msg>
<msg timestamp="20210903 15:45:57.346" level="INFO">${code} = O2 99</msg>
<status status="PASS" starttime="20210903 15:45:54.936" endtime="20210903 15:45:57.346"></status>
</kw>
<kw name="Input Text" library="Selenium2Library">
<doc>Types the given ``text`` into the text field identified by ``locator``.</doc>
<arguments>
<arg>name=imgCode</arg>
<arg>${code}</arg>
</arguments>
<msg timestamp="20210903 15:45:57.346" level="INFO">Typing text 'O2 99' into text field 'name=imgCode'.</msg>
<status status="PASS" starttime="20210903 15:45:57.346" endtime="20210903 15:45:57.414"></status>
</kw>
<kw name="Click Button" library="Selenium2Library">
<doc>Clicks the button identified by ``locator``.</doc>
<arguments>
<arg>id=login</arg>
</arguments>
<msg timestamp="20210903 15:45:57.414" level="INFO">Clicking button 'id=login'.</msg>
<status status="PASS" starttime="20210903 15:45:57.414" endtime="20210903 15:45:57.488"></status>
</kw>
<kw name="Sleep" library="BuiltIn">
<doc>Pauses the test executed for the given time.</doc>
<arguments>
<arg>2</arg>
</arguments>
<msg timestamp="20210903 15:45:59.489" level="INFO">Slept 2 seconds</msg>
<status status="PASS" starttime="20210903 15:45:57.488" endtime="20210903 15:45:59.489"></status>
</kw>
<kw name="Get Locations" library="Selenium2Library">
<doc>Returns and logs URLs of all windows of the selected browser.</doc>
<assign>
<var>${currentUrl}</var>
</assign>
<msg timestamp="20210903 15:45:59.508" level="INFO">Altogether 1 item.
1: http://sso.wt.com:3100/loginPage?error</msg>
<msg timestamp="20210903 15:45:59.508" level="INFO">${currentUrl} = ['http://sso.wt.com:3100/loginPage?error']</msg>
<status status="PASS" starttime="20210903 15:45:59.489" endtime="20210903 15:45:59.508"></status>
</kw>
<kw name="Log" library="BuiltIn">
<doc>Logs the given message with the given level.</doc>
<arguments>
<arg>${currentUrl}</arg>
</arguments>
<msg timestamp="20210903 15:45:59.509" level="INFO">['http://sso.wt.com:3100/loginPage?error']</msg>
<status status="PASS" starttime="20210903 15:45:59.509" endtime="20210903 15:45:59.509"></status>
</kw>
<kw name="Get Window Titles" library="Selenium2Library">
<doc>Returns and logs titles of all windows of the selected browser.</doc>
<assign>
<var>${get window titles}</var>
</assign>
<msg timestamp="20210903 15:45:59.522" level="INFO">Altogether 1 item.
1: 用户登录</msg>
<msg timestamp="20210903 15:45:59.522" level="INFO">${get window titles} = ['用户登录']</msg>
<status status="PASS" starttime="20210903 15:45:59.509" endtime="20210903 15:45:59.522"></status>
</kw>
<kw name="Log" library="BuiltIn">
<doc>Logs the given message with the given level.</doc>
<arguments>
<arg>${get window titles}</arg>
</arguments>
<msg timestamp="20210903 15:45:59.522" level="INFO">['用户登录']</msg>
<status status="PASS" starttime="20210903 15:45:59.522" endtime="20210903 15:45:59.522"></status>
</kw>
<kw name="Run Keyword And Ignore Error" library="BuiltIn">
<doc>Runs the given keyword with the given arguments and ignores possible error.</doc>
<arguments>
<arg>set variable if</arg>
<arg>'${currentUrl}[0]'=='http://sso.wt.com:3100/loginPage?error'</arg>
<arg>登录失败</arg>
<arg>${currentUrl}</arg>
<arg>登录成功</arg>
</arguments>
<assign>
<var>${result}</var>
<var>${resultvalue}</var>
</assign>
<kw name="Set Variable If" library="BuiltIn">
<doc>Sets variable based on the given condition.</doc>
<arguments>
<arg>'${currentUrl}[0]'=='http://sso.wt.com:3100/loginPage?error'</arg>
<arg>登录失败</arg>
<arg>${currentUrl}</arg>
<arg>登录成功</arg>
</arguments>
<status status="PASS" starttime="20210903 15:45:59.523" endtime="20210903 15:45:59.523"></status>
</kw>
<msg timestamp="20210903 15:45:59.523" level="INFO">${result} = PASS</msg>
<msg timestamp="20210903 15:45:59.523" level="INFO">${resultvalue} = 登录失败</msg>
<status status="PASS" starttime="20210903 15:45:59.522" endtime="20210903 15:45:59.523"></status>
</kw>
<kw name="Exit For Loop If" library="BuiltIn">
<doc>Stops executing the enclosing for loop if the ``condition`` is true.</doc>
<arguments>
<arg>'${resultvalue}'=='登录成功'</arg>
</arguments>
<status status="PASS" starttime="20210903 15:45:59.523" endtime="20210903 15:45:59.523"></status>
</kw>
<status status="PASS" starttime="20210903 15:45:54.609" endtime="20210903 15:45:59.523"></status>
</kw>
<kw name="${index} = 1" type="foritem">
<kw name="Input Text" library="Selenium2Library">
<doc>Types the given ``text`` into the text field identified by ``locator``.</doc>
<arguments>
<arg>name=username</arg>
<arg>13734206025</arg>
</arguments>
<msg timestamp="20210903 15:45:59.524" level="INFO">Typing text '13734206025' into text field 'name=username'.</msg>
<status status="PASS" starttime="20210903 15:45:59.523" endtime="20210903 15:45:59.605"></status>
</kw>
<kw name="Input Text" library="Selenium2Library">
<doc>Types the given ``text`` into the text field identified by ``locator``.</doc>
<arguments>
<arg>name=password</arg>
<arg>asdqwe123</arg>
</arguments>
<msg timestamp="20210903 15:45:59.606" level="INFO">Typing text 'asdqwe123' into text field 'name=password'.</msg>
<status status="PASS" starttime="20210903 15:45:59.606" endtime="20210903 15:45:59.674"></status>
</kw>
<kw name="Set Screenshot Directory" library="Selenium2Library">
<doc>Sets the directory for captured screenshots.</doc>
<arguments>
<arg>D:\\Program Files\\JetBrains\\PyCharm Community Edition 2020.2\\rf-selenium/picture</arg>
</arguments>
<status status="PASS" starttime="20210903 15:45:59.675" endtime="20210903 15:45:59.675"></status>
</kw>
<kw name="Capture Page Screenshot" library="Selenium2Library">
<doc>Takes a screenshot of the current page and embeds it into a log file.</doc>
<arguments>
<arg>D:\\Program Files\\JetBrains\\PyCharm Community Edition 2020.2\\rf-selenium/picture/1.png</arg>
</arguments>
<msg timestamp="20210903 15:45:59.835" level="INFO" html="yes">&lt;/td&gt;&lt;/tr&gt;&lt;tr&gt;&lt;td colspan="3"&gt;&lt;a href="../picture/1.png"&gt;&lt;img src="../picture/1.png" width="800px"&gt;&lt;/a&gt;</msg>
<status status="PASS" starttime="20210903 15:45:59.675" endtime="20210903 15:45:59.835"></status>
</kw>
<kw name="Get Code" library="getcodeLibrary">
<arguments>
<arg>D:\\Program Files\\JetBrains\\PyCharm Community Edition 2020.2\\rf-selenium\\picture\\</arg>
</arguments>
<assign>
<var>${code}</var>
</assign>
<msg timestamp="20210903 15:46:03.007" level="INFO">3859</msg>
<msg timestamp="20210903 15:46:03.007" level="INFO">${code} = 3859</msg>
<status status="PASS" starttime="20210903 15:45:59.835" endtime="20210903 15:46:03.008"></status>
</kw>
<kw name="Input Text" library="Selenium2Library">
<doc>Types the given ``text`` into the text field identified by ``locator``.</doc>
<arguments>
<arg>name=imgCode</arg>
<arg>${code}</arg>
</arguments>
<msg timestamp="20210903 15:46:03.008" level="INFO">Typing text '3859' into text field 'name=imgCode'.</msg>
<status status="PASS" starttime="20210903 15:46:03.008" endtime="20210903 15:46:03.075"></status>
</kw>
<kw name="Click Button" library="Selenium2Library">
<doc>Clicks the button identified by ``locator``.</doc>
<arguments>
<arg>id=login</arg>
</arguments>
<msg timestamp="20210903 15:46:03.075" level="INFO">Clicking button 'id=login'.</msg>
<status status="PASS" starttime="20210903 15:46:03.075" endtime="20210903 15:46:07.407"></status>
</kw>
<kw name="Sleep" library="BuiltIn">
<doc>Pauses the test executed for the given time.</doc>
<arguments>
<arg>2</arg>
</arguments>
<msg timestamp="20210903 15:46:09.409" level="INFO">Slept 2 seconds</msg>
<status status="PASS" starttime="20210903 15:46:07.408" endtime="20210903 15:46:09.409"></status>
</kw>
<kw name="Get Locations" library="Selenium2Library">
<doc>Returns and logs URLs of all windows of the selected browser.</doc>
<assign>
<var>${currentUrl}</var>
</assign>
<msg timestamp="20210903 15:46:09.425" level="INFO">Altogether 1 item.
1: http://sqwytst.wt.com:14352/?code=tmdH5d</msg>
<msg timestamp="20210903 15:46:09.425" level="INFO">${currentUrl} = ['http://sqwytst.wt.com:14352/?code=tmdH5d']</msg>
<status status="PASS" starttime="20210903 15:46:09.409" endtime="20210903 15:46:09.425"></status>
</kw>
<kw name="Log" library="BuiltIn">
<doc>Logs the given message with the given level.</doc>
<arguments>
<arg>${currentUrl}</arg>
</arguments>
<msg timestamp="20210903 15:46:09.425" level="INFO">['http://sqwytst.wt.com:14352/?code=tmdH5d']</msg>
<status status="PASS" starttime="20210903 15:46:09.425" endtime="20210903 15:46:09.425"></status>
</kw>
<kw name="Get Window Titles" library="Selenium2Library">
<doc>Returns and logs titles of all windows of the selected browser.</doc>
<assign>
<var>${get window titles}</var>
</assign>
<msg timestamp="20210903 15:46:09.438" level="INFO">Altogether 1 item.
1: 智慧网格综合管理平台</msg>
<msg timestamp="20210903 15:46:09.438" level="INFO">${get window titles} = ['智慧网格综合管理平台']</msg>
<status status="PASS" starttime="20210903 15:46:09.426" endtime="20210903 15:46:09.438"></status>
</kw>
<kw name="Log" library="BuiltIn">
<doc>Logs the given message with the given level.</doc>
<arguments>
<arg>${get window titles}</arg>
</arguments>
<msg timestamp="20210903 15:46:09.438" level="INFO">['智慧网格综合管理平台']</msg>
<status status="PASS" starttime="20210903 15:46:09.438" endtime="20210903 15:46:09.438"></status>
</kw>
<kw name="Run Keyword And Ignore Error" library="BuiltIn">
<doc>Runs the given keyword with the given arguments and ignores possible error.</doc>
<arguments>
<arg>set variable if</arg>
<arg>'${currentUrl}[0]'=='http://sso.wt.com:3100/loginPage?error'</arg>
<arg>登录失败</arg>
<arg>${currentUrl}</arg>
<arg>登录成功</arg>
</arguments>
<assign>
<var>${result}</var>
<var>${resultvalue}</var>
</assign>
<kw name="Set Variable If" library="BuiltIn">
<doc>Sets variable based on the given condition.</doc>
<arguments>
<arg>'${currentUrl}[0]'=='http://sso.wt.com:3100/loginPage?error'</arg>
<arg>登录失败</arg>
<arg>${currentUrl}</arg>
<arg>登录成功</arg>
</arguments>
<kw name="Set Variable If" library="BuiltIn">
<doc>Sets variable based on the given condition.</doc>
<arguments>
<arg>${currentUrl}</arg>
<arg>登录成功</arg>
</arguments>
<status status="PASS" starttime="20210903 15:46:09.439" endtime="20210903 15:46:09.439"></status>
</kw>
<status status="PASS" starttime="20210903 15:46:09.439" endtime="20210903 15:46:09.439"></status>
</kw>
<msg timestamp="20210903 15:46:09.439" level="INFO">${result} = PASS</msg>
<msg timestamp="20210903 15:46:09.439" level="INFO">${resultvalue} = 登录成功</msg>
<status status="PASS" starttime="20210903 15:46:09.438" endtime="20210903 15:46:09.439"></status>
</kw>
<kw name="Exit For Loop If" library="BuiltIn">
<doc>Stops executing the enclosing for loop if the ``condition`` is true.</doc>
<arguments>
<arg>'${resultvalue}'=='登录成功'</arg>
</arguments>
<msg timestamp="20210903 15:46:09.440" level="INFO">Exiting for loop altogether.</msg>
<status status="PASS" starttime="20210903 15:46:09.439" endtime="20210903 15:46:09.440"></status>
</kw>
<status status="PASS" starttime="20210903 15:45:59.523" endtime="20210903 15:46:09.440"></status>
</kw>
<status status="PASS" starttime="20210903 15:45:54.609" endtime="20210903 15:46:09.440"></status>
</kw>
<kw name="Sleep" library="BuiltIn">
<doc>Pauses the test executed for the given time.</doc>
<arguments>
<arg>5</arg>
</arguments>
<msg timestamp="20210903 15:46:14.441" level="INFO">Slept 5 seconds</msg>
<status status="PASS" starttime="20210903 15:46:09.440" endtime="20210903 15:46:14.441"></status>
</kw>
<kw name="Click Element" library="Selenium2Library">
<doc>Click the element identified by ``locator``.</doc>
<arguments>
<arg>xpath://*[@id="app"]/div/div[2]/div/div/div[2]/div[2]/div[3]/table/tbody/tr/td[2]/div</arg>
</arguments>
<msg timestamp="20210903 15:46:14.441" level="INFO">Clicking element 'xpath://*[@id="app"]/div/div[2]/div/div/div[2]/div[2]/div[3]/table/tbody/tr/td[2]/div'.</msg>
<status status="PASS" starttime="20210903 15:46:14.441" endtime="20210903 15:46:14.480"></status>
</kw>
<kw name="Click Element" library="Selenium2Library">
<doc>Click the element identified by ``locator``.</doc>
<arguments>
<arg>xpath:/html/body/div[1]/div/div[2]/div/div/div[3]/div/button[2]/span</arg>
</arguments>
<msg timestamp="20210903 15:46:14.481" level="INFO">Clicking element 'xpath:/html/body/div[1]/div/div[2]/div/div/div[3]/div/button[2]/span'.</msg>
<status status="PASS" starttime="20210903 15:46:14.481" endtime="20210903 15:46:14.524"></status>
</kw>
<kw name="Sleep" library="BuiltIn">
<doc>Pauses the test executed for the given time.</doc>
<arguments>
<arg>5</arg>
</arguments>
<msg timestamp="20210903 15:46:19.526" level="INFO">Slept 5 seconds</msg>
<status status="PASS" starttime="20210903 15:46:14.524" endtime="20210903 15:46:19.526"></status>
</kw>
<kw name="Click Element" library="Selenium2Library">
<doc>Click the element identified by ``locator``.</doc>
<arguments>
<arg>xpath://*[@id="app"]/div/div[1]/div/div[1]/div/ul/div[3]/a/li/div</arg>
</arguments>
<msg timestamp="20210903 15:46:19.526" level="INFO">Clicking element 'xpath://*[@id="app"]/div/div[1]/div/div[1]/div/ul/div[3]/a/li/div'.</msg>
<status status="PASS" starttime="20210903 15:46:19.526" endtime="20210903 15:46:19.778"></status>
</kw>
<kw name="Input Text" library="Selenium2Library">
<doc>Types the given ``text`` into the text field identified by ``locator``.</doc>
<arguments>
<arg>xpath://*[@id="appMain"]/div/div[1]/div/main/div/div[1]/div/form/div[1]/div/div/input</arg>
<arg>大同招生政府</arg>
</arguments>
<msg timestamp="20210903 15:46:19.778" level="INFO">Typing text '大同招生政府' into text field 'xpath://*[@id="appMain"]/div/div[1]/div/main/div/div[1]/div/form/div[1]/div/div/input'.</msg>
<status status="PASS" starttime="20210903 15:46:19.778" endtime="20210903 15:46:19.982"></status>
</kw>
<kw name="Click Element" library="Selenium2Library">
<doc>Click the element identified by ``locator``.</doc>
<arguments>
<arg>xpath://*[@id="appMain"]/div/div[1]/div/main/div/div[1]/div/form/div[6]/div/button[1]/span</arg>
</arguments>
<msg timestamp="20210903 15:46:19.982" level="INFO">Clicking element 'xpath://*[@id="appMain"]/div/div[1]/div/main/div/div[1]/div/form/div[6]/div/button[1]/span'.</msg>
<status status="PASS" starttime="20210903 15:46:19.982" endtime="20210903 15:46:20.115"></status>
</kw>
<kw name="Page Should Contain" library="Selenium2Library">
<doc>Verifies that current page contains ``text``.</doc>
<arguments>
<arg>大同招生政府</arg>
</arguments>
<msg timestamp="20210903 15:46:20.161" level="INFO">Current page contains text '大同招生政府'.</msg>
<status status="PASS" starttime="20210903 15:46:20.115" endtime="20210903 15:46:20.161"></status>
</kw>
<kw name="Click Element" library="Selenium2Library">
<doc>Click the element identified by ``locator``.</doc>
<arguments>
<arg>xpath://*[@id="app"]/div/div[1]/div/div[1]/div/ul/div[2]/span/span/li/div</arg>
</arguments>
<msg timestamp="20210903 15:46:20.161" level="INFO">Clicking element 'xpath://*[@id="app"]/div/div[1]/div/div[1]/div/ul/div[2]/span/span/li/div'.</msg>
<status status="PASS" starttime="20210903 15:46:20.161" endtime="20210903 15:46:20.213"></status>
</kw>
<kw name="Sleep" library="BuiltIn">
<doc>Pauses the test executed for the given time.</doc>
<arguments>
<arg>2</arg>
</arguments>
<msg timestamp="20210903 15:46:22.214" level="INFO">Slept 2 seconds</msg>
<status status="PASS" starttime="20210903 15:46:20.213" endtime="20210903 15:46:22.214"></status>
</kw>
<kw name="Drag And Drop By Offset" library="Selenium2Library">
<doc>Drags the element identified with ``locator`` by ``xoffset/yoffset``.</doc>
<arguments>
<arg>xpath://*[@id="app"]/div/div[1]/div/div[1]/div/ul/div[2]/span/span/li/i</arg>
<arg>0</arg>
<arg>20</arg>
</arguments>
<status status="PASS" starttime="20210903 15:46:22.214" endtime="20210903 15:46:22.742"></status>
</kw>
<kw name="Page Should Contain" library="Selenium2Library">
<doc>Verifies that current page contains ``text``.</doc>
<arguments>
<arg>当前位置：平城区</arg>
</arguments>
<kw name="Capture Page Screenshot" library="Selenium2Library">
<doc>Takes a screenshot of the current page and embeds it into a log file.</doc>
<msg timestamp="20210903 15:46:23.033" level="INFO" html="yes">&lt;/td&gt;&lt;/tr&gt;&lt;tr&gt;&lt;td colspan="3"&gt;&lt;a href="../picture/selenium-screenshot-20.png"&gt;&lt;img src="../picture/selenium-screenshot-20.png" width="800px"&gt;&lt;/a&gt;</msg>
<status status="PASS" starttime="20210903 15:46:22.909" endtime="20210903 15:46:23.033"></status>
</kw>
<msg timestamp="20210903 15:46:23.035" level="FAIL">Page should have contained text '当前位置：平城区' but did not.</msg>
<status status="FAIL" starttime="20210903 15:46:22.743" endtime="20210903 15:46:23.035"></status>
</kw>
<status status="FAIL" starttime="20210903 15:45:49.657" endtime="20210903 15:46:23.036"></status>
</kw>
<status status="FAIL" starttime="20210903 15:45:49.656" endtime="20210903 15:46:23.036" critical="yes">Page should have contained text '当前位置：平城区' but did not.</status>
</test>
<metadata>
<item name="author">L</item>
<item name="version">1.0</item>
</metadata>
<status status="FAIL" starttime="20210903 15:45:49.377" endtime="20210903 15:46:23.036"></status>
</suite>
<statistics>
<total>
<stat pass="0" fail="1">Critical Tests</stat>
<stat pass="0" fail="1">All Tests</stat>
</total>
<tag>
</tag>
<suite>
<stat pass="0" fail="1" id="s1" name="Test Login">Test Login</stat>
</suite>
</statistics>
<errors>
</errors>
</robot>
