<?xml version="1.0" encoding="UTF-8"?>
<robot generator="Robot 3.2.2 (Python 3.9.1 on win32)" generated="20210902 16:52:28.993" rpa="false">
<suite id="s1" name="Test Login" source="D:\Program Files\JetBrains\PyCharm Community Edition 2020.2\rf-selenium\test_login.robot">
<test id="s1-t1" name="case01 [Documentation] 登录智慧网格系统">
<kw name="Login-getCode">
<kw name="Open Browser" library="Selenium2Library">
<doc>Opens a new browser instance to the optional ``url``.</doc>
<arguments>
<arg>http://sqwytst.wt.com:14352/</arg>
<arg>chrome</arg>
</arguments>
<msg timestamp="20210902 16:52:29.247" level="INFO">Opening browser 'chrome' to base url 'http://sqwytst.wt.com:14352/'.</msg>
<status status="PASS" starttime="20210902 16:52:29.247" endtime="20210902 16:52:31.855"></status>
</kw>
<kw name="Maximize Browser Window" library="Selenium2Library">
<doc>Maximizes current browser window.</doc>
<status status="PASS" starttime="20210902 16:52:31.855" endtime="20210902 16:52:31.973"></status>
</kw>
<kw name="Wait Until Element Is Enabled" library="Selenium2Library">
<doc>Waits until the element ``locator`` is enabled.</doc>
<arguments>
<arg>xpath://*[@id="app"]/div/div[1]/div/span</arg>
</arguments>
<status status="PASS" starttime="20210902 16:52:31.973" endtime="20210902 16:52:31.996"></status>
</kw>
<kw name="Click Element" library="Selenium2Library">
<doc>Click the element identified by ``locator``.</doc>
<arguments>
<arg>xpath://*[@id="app"]/div/div[1]/div/span</arg>
</arguments>
<msg timestamp="20210902 16:52:31.996" level="INFO">Clicking element 'xpath://*[@id="app"]/div/div[1]/div/span'.</msg>
<status status="PASS" starttime="20210902 16:52:31.996" endtime="20210902 16:52:32.119"></status>
</kw>
<kw name="Sleep" library="BuiltIn">
<doc>Pauses the test executed for the given time.</doc>
<arguments>
<arg>2</arg>
</arguments>
<msg timestamp="20210902 16:52:34.120" level="INFO">Slept 2 seconds</msg>
<status status="PASS" starttime="20210902 16:52:32.119" endtime="20210902 16:52:34.120"></status>
</kw>
<kw name="Input Text" library="Selenium2Library">
<doc>Types the given ``text`` into the text field identified by ``locator``.</doc>
<arguments>
<arg>name=username</arg>
<arg>13734206025</arg>
</arguments>
<msg timestamp="20210902 16:52:34.120" level="INFO">Typing text '13734206025' into text field 'name=username'.</msg>
<status status="PASS" starttime="20210902 16:52:34.120" endtime="20210902 16:52:34.200"></status>
</kw>
<kw name="Input Text" library="Selenium2Library">
<doc>Types the given ``text`` into the text field identified by ``locator``.</doc>
<arguments>
<arg>name=password</arg>
<arg>asdqwe123</arg>
</arguments>
<msg timestamp="20210902 16:52:34.201" level="INFO">Typing text 'asdqwe123' into text field 'name=password'.</msg>
<status status="PASS" starttime="20210902 16:52:34.200" endtime="20210902 16:52:34.274"></status>
</kw>
<kw name="${index} IN RANGE [ 10 ]" type="for">
<kw name="${index} = 0" type="foritem">
<kw name="Set Screenshot Directory" library="Selenium2Library">
<doc>Sets the directory for captured screenshots.</doc>
<arguments>
<arg>D:\\Program Files\\JetBrains\\PyCharm Community Edition 2020.2\\rf-selenium/picture</arg>
</arguments>
<status status="PASS" starttime="20210902 16:52:34.274" endtime="20210902 16:52:34.275"></status>
</kw>
<kw name="Capture Page Screenshot" library="Selenium2Library">
<doc>Takes a screenshot of the current page and embeds it into a log file.</doc>
<arguments>
<arg>D:\\Program Files\\JetBrains\\PyCharm Community Edition 2020.2\\rf-selenium/picture/1.png</arg>
</arguments>
<msg timestamp="20210902 16:52:34.428" level="INFO" html="yes">&lt;/td&gt;&lt;/tr&gt;&lt;tr&gt;&lt;td colspan="3"&gt;&lt;a href="../picture/1.png"&gt;&lt;img src="../picture/1.png" width="800px"&gt;&lt;/a&gt;</msg>
<status status="PASS" starttime="20210902 16:52:34.275" endtime="20210902 16:52:34.428"></status>
</kw>
<kw name="Get Code" library="getcodeLibrary">
<arguments>
<arg>D:\\Program Files\\JetBrains\\PyCharm Community Edition 2020.2\\rf-selenium\\picture\\</arg>
</arguments>
<assign>
<var>${code}</var>
</assign>
<msg timestamp="20210902 16:52:36.795" level="INFO">2254</msg>
<msg timestamp="20210902 16:52:36.795" level="INFO">${code} = 2254</msg>
<status status="PASS" starttime="20210902 16:52:34.428" endtime="20210902 16:52:36.795"></status>
</kw>
<kw name="Input Text" library="Selenium2Library">
<doc>Types the given ``text`` into the text field identified by ``locator``.</doc>
<arguments>
<arg>name=imgCode</arg>
<arg>${code}</arg>
</arguments>
<msg timestamp="20210902 16:52:36.795" level="INFO">Typing text '2254' into text field 'name=imgCode'.</msg>
<status status="PASS" starttime="20210902 16:52:36.795" endtime="20210902 16:52:36.866"></status>
</kw>
<kw name="Click Button" library="Selenium2Library">
<doc>Clicks the button identified by ``locator``.</doc>
<arguments>
<arg>id=login</arg>
</arguments>
<msg timestamp="20210902 16:52:36.866" level="INFO">Clicking button 'id=login'.</msg>
<status status="PASS" starttime="20210902 16:52:36.866" endtime="20210902 16:52:41.633"></status>
</kw>
<kw name="Sleep" library="BuiltIn">
<doc>Pauses the test executed for the given time.</doc>
<arguments>
<arg>2</arg>
</arguments>
<msg timestamp="20210902 16:52:43.635" level="INFO">Slept 2 seconds</msg>
<status status="PASS" starttime="20210902 16:52:41.633" endtime="20210902 16:52:43.635"></status>
</kw>
<kw name="Get Text" library="Selenium2Library">
<doc>Returns the text value of the element identified by ``locator``.</doc>
<arguments>
<arg>//*[@id="app"]/div/div[2]/div/div/div[1]/span</arg>
</arguments>
<assign>
<var>${loginSuccessTitle}</var>
</assign>
<msg timestamp="20210902 16:52:43.653" level="INFO">${loginSuccessTitle} = 岗位选择</msg>
<status status="PASS" starttime="20210902 16:52:43.635" endtime="20210902 16:52:43.653"></status>
</kw>
<kw name="Run Keyword If" library="BuiltIn">
<doc>Runs the given keyword with the given arguments, if ``condition`` is true.</doc>
<arguments>
<arg>'${loginSuccessTitle}'=='岗位选择'</arg>
<arg>Exit for loop</arg>
</arguments>
<kw name="Exit For Loop" library="BuiltIn">
<doc>Stops executing the enclosing for loop.</doc>
<msg timestamp="20210902 16:52:43.654" level="INFO">Exiting for loop altogether.</msg>
<status status="PASS" starttime="20210902 16:52:43.654" endtime="20210902 16:52:43.654"></status>
</kw>
<status status="PASS" starttime="20210902 16:52:43.653" endtime="20210902 16:52:43.654"></status>
</kw>
<status status="PASS" starttime="20210902 16:52:34.274" endtime="20210902 16:52:43.654"></status>
</kw>
<status status="PASS" starttime="20210902 16:52:34.274" endtime="20210902 16:52:43.654"></status>
</kw>
<kw name="Sleep" library="BuiltIn">
<doc>Pauses the test executed for the given time.</doc>
<arguments>
<arg>5</arg>
</arguments>
<msg timestamp="20210902 16:52:48.656" level="INFO">Slept 5 seconds</msg>
<status status="PASS" starttime="20210902 16:52:43.654" endtime="20210902 16:52:48.656"></status>
</kw>
<kw name="Click Element" library="Selenium2Library">
<doc>Click the element identified by ``locator``.</doc>
<arguments>
<arg>xpath://*[@id="app"]/div/div[2]/div/div/div[2]/div[2]/div[3]/table/tbody/tr/td[2]/div</arg>
</arguments>
<msg timestamp="20210902 16:52:48.656" level="INFO">Clicking element 'xpath://*[@id="app"]/div/div[2]/div/div/div[2]/div[2]/div[3]/table/tbody/tr/td[2]/div'.</msg>
<status status="PASS" starttime="20210902 16:52:48.656" endtime="20210902 16:52:48.692"></status>
</kw>
<kw name="Click Element" library="Selenium2Library">
<doc>Click the element identified by ``locator``.</doc>
<arguments>
<arg>xpath:/html/body/div[1]/div/div[2]/div/div/div[3]/div/button[2]/span</arg>
</arguments>
<msg timestamp="20210902 16:52:48.692" level="INFO">Clicking element 'xpath:/html/body/div[1]/div/div[2]/div/div/div[3]/div/button[2]/span'.</msg>
<status status="PASS" starttime="20210902 16:52:48.692" endtime="20210902 16:52:48.730"></status>
</kw>
<kw name="Sleep" library="BuiltIn">
<doc>Pauses the test executed for the given time.</doc>
<arguments>
<arg>5</arg>
</arguments>
<msg timestamp="20210902 16:52:53.731" level="INFO">Slept 5 seconds</msg>
<status status="PASS" starttime="20210902 16:52:48.730" endtime="20210902 16:52:53.731"></status>
</kw>
<kw name="Click Element" library="Selenium2Library">
<doc>Click the element identified by ``locator``.</doc>
<arguments>
<arg>xpath://*[@id="app"]/div/div[1]/div/div[1]/div/ul/div[3]/a/li/div</arg>
</arguments>
<msg timestamp="20210902 16:52:53.731" level="INFO">Clicking element 'xpath://*[@id="app"]/div/div[1]/div/div[1]/div/ul/div[3]/a/li/div'.</msg>
<status status="PASS" starttime="20210902 16:52:53.731" endtime="20210902 16:52:53.959"></status>
</kw>
<kw name="Input Text" library="Selenium2Library">
<doc>Types the given ``text`` into the text field identified by ``locator``.</doc>
<arguments>
<arg>xpath://*[@id="appMain"]/div/div[1]/div/main/div/div[1]/div/form/div[1]/div/div/input</arg>
<arg>大同招生政府</arg>
</arguments>
<msg timestamp="20210902 16:52:53.960" level="INFO">Typing text '大同招生政府' into text field 'xpath://*[@id="appMain"]/div/div[1]/div/main/div/div[1]/div/form/div[1]/div/div/input'.</msg>
<status status="PASS" starttime="20210902 16:52:53.960" endtime="20210902 16:52:54.159"></status>
</kw>
<kw name="Click Element" library="Selenium2Library">
<doc>Click the element identified by ``locator``.</doc>
<arguments>
<arg>xpath://*[@id="appMain"]/div/div[1]/div/main/div/div[1]/div/form/div[6]/div/button[1]/span</arg>
</arguments>
<msg timestamp="20210902 16:52:54.160" level="INFO">Clicking element 'xpath://*[@id="appMain"]/div/div[1]/div/main/div/div[1]/div/form/div[6]/div/button[1]/span'.</msg>
<status status="PASS" starttime="20210902 16:52:54.160" endtime="20210902 16:52:54.193"></status>
</kw>
<kw name="Page Should Contain" library="Selenium2Library">
<doc>Verifies that current page contains ``text``.</doc>
<arguments>
<arg>大同招生政府</arg>
</arguments>
<msg timestamp="20210902 16:52:54.221" level="INFO">Current page contains text '大同招生政府'.</msg>
<status status="PASS" starttime="20210902 16:52:54.193" endtime="20210902 16:52:54.221"></status>
</kw>
<kw name="Click Element" library="Selenium2Library">
<doc>Click the element identified by ``locator``.</doc>
<arguments>
<arg>xpath://*[@id="app"]/div/div[1]/div/div[1]/div/ul/div[2]/span/span/li/div</arg>
</arguments>
<msg timestamp="20210902 16:52:54.221" level="INFO">Clicking element 'xpath://*[@id="app"]/div/div[1]/div/div[1]/div/ul/div[2]/span/span/li/div'.</msg>
<status status="PASS" starttime="20210902 16:52:54.221" endtime="20210902 16:52:54.292"></status>
</kw>
<kw name="Sleep" library="BuiltIn">
<doc>Pauses the test executed for the given time.</doc>
<arguments>
<arg>1</arg>
</arguments>
<msg timestamp="20210902 16:52:55.294" level="INFO">Slept 1 second</msg>
<status status="PASS" starttime="20210902 16:52:54.292" endtime="20210902 16:52:55.294"></status>
</kw>
<kw name="Click Element" library="Selenium2Library">
<doc>Click the element identified by ``locator``.</doc>
<arguments>
<arg>xpath://*[@id="el-popover-534"]/a/li/div</arg>
</arguments>
<msg timestamp="20210902 16:52:55.294" level="INFO">Clicking element 'xpath://*[@id="el-popover-534"]/a/li/div'.</msg>
<kw name="Capture Page Screenshot" library="Selenium2Library">
<doc>Takes a screenshot of the current page and embeds it into a log file.</doc>
<msg timestamp="20210902 16:52:55.426" level="INFO" html="yes">&lt;/td&gt;&lt;/tr&gt;&lt;tr&gt;&lt;td colspan="3"&gt;&lt;a href="../picture/selenium-screenshot-17.png"&gt;&lt;img src="../picture/selenium-screenshot-17.png" width="800px"&gt;&lt;/a&gt;</msg>
<status status="PASS" starttime="20210902 16:52:55.302" endtime="20210902 16:52:55.426"></status>
</kw>
<msg timestamp="20210902 16:52:55.427" level="FAIL">Element with locator 'xpath://*[@id="el-popover-534"]/a/li/div' not found.</msg>
<status status="FAIL" starttime="20210902 16:52:55.294" endtime="20210902 16:52:55.427"></status>
</kw>
<status status="FAIL" starttime="20210902 16:52:29.247" endtime="20210902 16:52:55.428"></status>
</kw>
<status status="FAIL" starttime="20210902 16:52:29.246" endtime="20210902 16:52:55.428" critical="yes">Element with locator 'xpath://*[@id="el-popover-534"]/a/li/div' not found.</status>
</test>
<metadata>
<item name="author">L</item>
<item name="version">1.0</item>
</metadata>
<status status="FAIL" starttime="20210902 16:52:28.995" endtime="20210902 16:52:55.428"></status>
</suite>
<statistics>
<total>
<stat pass="0" fail="1">Critical Tests</stat>
<stat pass="0" fail="1">All Tests</stat>
</total>
<tag>
</tag>
<suite>
<stat pass="0" fail="1" id="s1" name="Test Login">Test Login</stat>
</suite>
</statistics>
<errors>
</errors>
</robot>
